{"/home/travis/build/npmtest/node-npmtest-vision/test.js":{"path":"/home/travis/build/npmtest/node-npmtest-vision/test.js","s":{"1":2,"2":2,"3":2,"4":2,"5":2,"6":2,"7":2,"8":1,"9":2,"10":2,"11":1,"12":1,"13":1,"14":1,"15":2,"16":2,"17":2,"18":2,"19":1,"20":1,"21":2,"22":2,"23":2,"24":1,"25":1,"26":1,"27":1,"28":1,"29":1,"30":1,"31":1,"32":1,"33":1,"34":1,"35":1,"36":1,"37":1,"38":1,"39":2,"40":2,"41":1,"42":2,"43":2,"44":1,"45":2,"46":2,"47":1,"48":2,"49":2,"50":1,"51":1,"52":1,"53":1,"54":1},"b":{"1":[2,1,1,1],"2":[1,1,1,1],"3":[1,1],"4":[1,1],"5":[1,1],"6":[1,1],"7":[1,1],"8":[1,1],"9":[1,1],"10":[1,1,1],"11":[1,1],"12":[1,1],"13":[1,1],"14":[1,1],"15":[1,1],"16":[1,1],"17":[1,1]},"f":{"1":2,"2":2,"3":2,"4":2,"5":2,"6":1,"7":1,"8":1,"9":2,"10":2,"11":2,"12":2,"13":1},"fnMap":{"1":{"name":"(anonymous_1)","line":12,"loc":{"start":{"line":12,"column":1},"end":{"line":12,"column":13}}},"2":{"name":"(anonymous_2)","line":19,"loc":{"start":{"line":19,"column":5},"end":{"line":19,"column":17}}},"3":{"name":"(anonymous_3)","line":23,"loc":{"start":{"line":23,"column":24},"end":{"line":23,"column":36}}},"4":{"name":"(anonymous_4)","line":61,"loc":{"start":{"line":61,"column":5},"end":{"line":61,"column":17}}},"5":{"name":"(anonymous_5)","line":82,"loc":{"start":{"line":82,"column":5},"end":{"line":82,"column":17}}},"6":{"name":"(anonymous_6)","line":91,"loc":{"start":{"line":91,"column":77},"end":{"line":94,"column":10}}},"7":{"name":"(anonymous_7)","line":112,"loc":{"start":{"line":112,"column":83},"end":{"line":115,"column":10}},"skip":true},"8":{"name":"(anonymous_8)","line":123,"loc":{"start":{"line":123,"column":77},"end":{"line":126,"column":10}},"skip":true},"9":{"name":"(anonymous_9)","line":139,"loc":{"start":{"line":139,"column":12},"end":{"line":139,"column":40}},"skip":true},"10":{"name":"(anonymous_10)","line":147,"loc":{"start":{"line":147,"column":77},"end":{"line":150,"column":10}},"skip":true},"11":{"name":"(anonymous_11)","line":158,"loc":{"start":{"line":158,"column":83},"end":{"line":161,"column":10}},"skip":true},"12":{"name":"(anonymous_12)","line":169,"loc":{"start":{"line":169,"column":79},"end":{"line":172,"column":10}},"skip":true},"13":{"name":"(anonymous_13)","line":180,"loc":{"start":{"line":180,"column":75},"end":{"line":183,"column":10}},"skip":true}},"statementMap":{"1":{"start":{"line":12,"column":0},"end":{"line":195,"column":5}},"2":{"start":{"line":14,"column":4},"end":{"line":14,"column":14}},"3":{"start":{"line":19,"column":4},"end":{"line":56,"column":9}},"4":{"start":{"line":21,"column":8},"end":{"line":21,"column":19}},"5":{"start":{"line":23,"column":8},"end":{"line":35,"column":13}},"6":{"start":{"line":24,"column":12},"end":{"line":34,"column":13}},"7":{"start":{"line":25,"column":16},"end":{"line":28,"column":30}},"8":{"start":{"line":30,"column":16},"end":{"line":33,"column":27}},"9":{"start":{"line":37,"column":8},"end":{"line":39,"column":21}},"10":{"start":{"line":40,"column":8},"end":{"line":53,"column":9}},"11":{"start":{"line":43,"column":12},"end":{"line":46,"column":14}},"12":{"start":{"line":47,"column":12},"end":{"line":47,"column":18}},"13":{"start":{"line":50,"column":12},"end":{"line":51,"column":33}},"14":{"start":{"line":52,"column":12},"end":{"line":52,"column":18}},"15":{"start":{"line":55,"column":8},"end":{"line":55,"column":35}},"16":{"start":{"line":61,"column":4},"end":{"line":63,"column":9}},"17":{"start":{"line":62,"column":8},"end":{"line":62,"column":15}},"18":{"start":{"line":64,"column":4},"end":{"line":77,"column":5}},"19":{"start":{"line":70,"column":8},"end":{"line":70,"column":14}},"20":{"start":{"line":76,"column":8},"end":{"line":76,"column":14}},"21":{"start":{"line":82,"column":4},"end":{"line":84,"column":9}},"22":{"start":{"line":83,"column":8},"end":{"line":83,"column":15}},"23":{"start":{"line":85,"column":4},"end":{"line":194,"column":5}},"24":{"start":{"line":91,"column":8},"end":{"line":99,"column":10}},"25":{"start":{"line":98,"column":12},"end":{"line":98,"column":35}},"26":{"start":{"line":102,"column":8},"end":{"line":104,"column":63}},"27":{"start":{"line":105,"column":8},"end":{"line":105,"column":14}},"28":{"start":{"line":112,"column":8},"end":{"line":121,"column":10},"skip":true},"29":{"start":{"line":119,"column":12},"end":{"line":119,"column":55},"skip":true},"30":{"start":{"line":120,"column":12},"end":{"line":120,"column":48},"skip":true},"31":{"start":{"line":123,"column":8},"end":{"line":136,"column":10},"skip":true},"32":{"start":{"line":130,"column":12},"end":{"line":130,"column":76},"skip":true},"33":{"start":{"line":131,"column":12},"end":{"line":131,"column":73},"skip":true},"34":{"start":{"line":132,"column":12},"end":{"line":132,"column":74},"skip":true},"35":{"start":{"line":133,"column":12},"end":{"line":133,"column":79},"skip":true},"36":{"start":{"line":134,"column":12},"end":{"line":134,"column":25},"skip":true},"37":{"start":{"line":135,"column":12},"end":{"line":135,"column":45},"skip":true},"38":{"start":{"line":138,"column":8},"end":{"line":145,"column":14},"skip":true},"39":{"start":{"line":143,"column":16},"end":{"line":143,"column":29},"skip":true},"40":{"start":{"line":144,"column":16},"end":{"line":144,"column":55},"skip":true},"41":{"start":{"line":147,"column":8},"end":{"line":156,"column":10},"skip":true},"42":{"start":{"line":154,"column":12},"end":{"line":154,"column":25},"skip":true},"43":{"start":{"line":155,"column":12},"end":{"line":155,"column":45},"skip":true},"44":{"start":{"line":158,"column":8},"end":{"line":167,"column":10},"skip":true},"45":{"start":{"line":165,"column":12},"end":{"line":165,"column":25},"skip":true},"46":{"start":{"line":166,"column":12},"end":{"line":166,"column":48},"skip":true},"47":{"start":{"line":169,"column":8},"end":{"line":178,"column":10},"skip":true},"48":{"start":{"line":176,"column":12},"end":{"line":176,"column":25},"skip":true},"49":{"start":{"line":177,"column":12},"end":{"line":177,"column":46},"skip":true},"50":{"start":{"line":180,"column":8},"end":{"line":189,"column":10},"skip":true},"51":{"start":{"line":187,"column":12},"end":{"line":187,"column":94},"skip":true},"52":{"start":{"line":188,"column":12},"end":{"line":188,"column":48},"skip":true},"53":{"start":{"line":192,"column":8},"end":{"line":192,"column":35},"skip":true},"54":{"start":{"line":193,"column":8},"end":{"line":193,"column":14},"skip":true}},"branchMap":{"1":{"line":25,"type":"binary-expr","locations":[{"start":{"line":25,"column":23},"end":{"line":25,"column":62}},{"start":{"line":26,"column":20},"end":{"line":26,"column":70}},{"start":{"line":27,"column":20},"end":{"line":27,"column":71}},{"start":{"line":28,"column":20},"end":{"line":28,"column":29}}]},"2":{"line":30,"type":"binary-expr","locations":[{"start":{"line":30,"column":23},"end":{"line":30,"column":37}},{"start":{"line":31,"column":20},"end":{"line":31,"column":61}},{"start":{"line":32,"column":20},"end":{"line":32,"column":70}},{"start":{"line":33,"column":20},"end":{"line":33,"column":26}}]},"3":{"line":37,"type":"cond-expr","locations":[{"start":{"line":38,"column":14},"end":{"line":38,"column":20}},{"start":{"line":39,"column":14},"end":{"line":39,"column":20}}]},"4":{"line":40,"type":"switch","locations":[{"start":{"line":42,"column":8},"end":{"line":47,"column":18}},{"start":{"line":49,"column":8},"end":{"line":52,"column":18}}]},"5":{"line":44,"type":"binary-expr","locations":[{"start":{"line":44,"column":16},"end":{"line":44,"column":44}},{"start":{"line":44,"column":48},"end":{"line":44,"column":66}}]},"6":{"line":50,"type":"binary-expr","locations":[{"start":{"line":50,"column":21},"end":{"line":50,"column":49}},{"start":{"line":50,"column":53},"end":{"line":50,"column":72}}]},"7":{"line":64,"type":"switch","locations":[{"start":{"line":69,"column":4},"end":{"line":70,"column":14}},{"start":{"line":75,"column":4},"end":{"line":76,"column":14}}]},"8":{"line":85,"type":"switch","locations":[{"start":{"line":90,"column":4},"end":{"line":105,"column":14}},{"start":{"line":111,"column":4},"end":{"line":193,"column":14},"skip":true}]},"9":{"line":91,"type":"binary-expr","locations":[{"start":{"line":91,"column":42},"end":{"line":91,"column":73}},{"start":{"line":91,"column":77},"end":{"line":99,"column":9}}]},"10":{"line":102,"type":"binary-expr","locations":[{"start":{"line":102,"column":18},"end":{"line":102,"column":32}},{"start":{"line":103,"column":12},"end":{"line":103,"column":53}},{"start":{"line":104,"column":12},"end":{"line":104,"column":61}}]},"11":{"line":112,"type":"binary-expr","locations":[{"start":{"line":112,"column":45},"end":{"line":112,"column":79},"skip":true},{"start":{"line":112,"column":83},"end":{"line":121,"column":9},"skip":true}]},"12":{"line":123,"type":"binary-expr","locations":[{"start":{"line":123,"column":42},"end":{"line":123,"column":73},"skip":true},{"start":{"line":123,"column":77},"end":{"line":136,"column":9},"skip":true}]},"13":{"line":138,"type":"binary-expr","locations":[{"start":{"line":138,"column":48},"end":{"line":138,"column":85},"skip":true},{"start":{"line":139,"column":12},"end":{"line":145,"column":13},"skip":true}]},"14":{"line":147,"type":"binary-expr","locations":[{"start":{"line":147,"column":42},"end":{"line":147,"column":73},"skip":true},{"start":{"line":147,"column":77},"end":{"line":156,"column":9},"skip":true}]},"15":{"line":158,"type":"binary-expr","locations":[{"start":{"line":158,"column":45},"end":{"line":158,"column":79},"skip":true},{"start":{"line":158,"column":83},"end":{"line":167,"column":9},"skip":true}]},"16":{"line":169,"type":"binary-expr","locations":[{"start":{"line":169,"column":43},"end":{"line":169,"column":75},"skip":true},{"start":{"line":169,"column":79},"end":{"line":178,"column":9},"skip":true}]},"17":{"line":180,"type":"binary-expr","locations":[{"start":{"line":180,"column":41},"end":{"line":180,"column":71},"skip":true},{"start":{"line":180,"column":75},"end":{"line":189,"column":9},"skip":true}]}},"code":["/* istanbul instrument in package npmtest_vision */","/*jslint","    bitwise: true,","    browser: true,","    maxerr: 8,","    maxlen: 96,","    node: true,","    nomen: true,","    regexp: true,","    stupid: true","*/","(function () {","    'use strict';","    var local;","","","","    // run shared js-env code - init-before","    (function () {","        // init local","        local = {};","        // init modeJs","        local.modeJs = (function () {","            try {","                return typeof navigator.userAgent === 'string' &&","                    typeof document.querySelector('body') === 'object' &&","                    typeof XMLHttpRequest.prototype.open === 'function' &&","                    'browser';","            } catch (errorCaughtBrowser) {","                return module.exports &&","                    typeof process.versions.node === 'string' &&","                    typeof require('http').createServer === 'function' &&","                    'node';","            }","        }());","        // init global","        local.global = local.modeJs === 'browser'","            ? window","            : global;","        switch (local.modeJs) {","        // re-init local from window.local","        case 'browser':","            local = local.global.utility2.objectSetDefault(","                local.global.utility2_rollup || local.global.local,","                local.global.utility2","            );","            break;","        // re-init local from example.js","        case 'node':","            local = (local.global.utility2_rollup || require('utility2'))","                .requireReadme();","            break;","        }","        // export local","        local.global.local = local;","    }());","","","","    // run shared js-env code - function","    (function () {","        return;","    }());","    switch (local.modeJs) {","","","","    // run browser js-env code - function","    case 'browser':","        break;","","","","    // run node js-env code - function","    case 'node':","        break;","    }","","","","    // run shared js-env code - init-after","    (function () {","        return;","    }());","    switch (local.modeJs) {","","","","    // run browser js-env code - init-after","    case 'browser':","        local.testCase_browser_nullCase = local.testCase_browser_nullCase || function (","            options,","            onError","        ) {","        /*","         * this function will test browsers's null-case handling-behavior-behavior","         */","            onError(null, options);","        };","","        // run tests","        local.nop(local.modeTest &&","            document.querySelector('#testRunButton1') &&","            document.querySelector('#testRunButton1').click());","        break;","","","","    // run node js-env code - init-after","    /* istanbul ignore next */","    case 'node':","        local.testCase_buildApidoc_default = local.testCase_buildApidoc_default || function (","            options,","            onError","        ) {","        /*","         * this function will test buildApidoc's default handling-behavior-behavior","         */","            options = { modulePathList: module.paths };","            local.buildApidoc(options, onError);","        };","","        local.testCase_buildApp_default = local.testCase_buildApp_default || function (","            options,","            onError","        ) {","        /*","         * this function will test buildApp's default handling-behavior-behavior","         */","            local.testCase_buildReadme_default(options, local.onErrorThrow);","            local.testCase_buildLib_default(options, local.onErrorThrow);","            local.testCase_buildTest_default(options, local.onErrorThrow);","            local.testCase_buildCustomOrg_default(options, local.onErrorThrow);","            options = [];","            local.buildApp(options, onError);","        };","","        local.testCase_buildCustomOrg_default = local.testCase_buildCustomOrg_default ||","            function (options, onError) {","            /*","             * this function will test buildCustomOrg's default handling-behavior","             */","                options = {};","                local.buildCustomOrg(options, onError);","            };","","        local.testCase_buildLib_default = local.testCase_buildLib_default || function (","            options,","            onError","        ) {","        /*","         * this function will test buildLib's default handling-behavior","         */","            options = {};","            local.buildLib(options, onError);","        };","","        local.testCase_buildReadme_default = local.testCase_buildReadme_default || function (","            options,","            onError","        ) {","        /*","         * this function will test buildReadme's default handling-behavior-behavior","         */","            options = {};","            local.buildReadme(options, onError);","        };","","        local.testCase_buildTest_default = local.testCase_buildTest_default || function (","            options,","            onError","        ) {","        /*","         * this function will test buildTest's default handling-behavior","         */","            options = {};","            local.buildTest(options, onError);","        };","","        local.testCase_webpage_default = local.testCase_webpage_default || function (","            options,","            onError","        ) {","        /*","         * this function will test webpage's default handling-behavior","         */","            options = { modeCoverageMerge: true, url: local.serverLocalHost + '?modeTest=1' };","            local.browserTest(options, onError);","        };","","        // run test-server","        local.testRunServer(local);","        break;","    }","}());",""],"l":{"12":2,"14":2,"19":2,"21":2,"23":2,"24":2,"25":2,"30":1,"37":2,"40":2,"43":1,"47":1,"50":1,"52":1,"55":2,"61":2,"62":2,"64":2,"70":1,"76":1,"82":2,"83":2,"85":2,"91":1,"98":1,"102":1,"105":1,"112":1,"119":1,"120":1,"123":1,"130":1,"131":1,"132":1,"133":1,"134":1,"135":1,"138":1,"143":2,"144":2,"147":1,"154":2,"155":2,"158":1,"165":2,"166":2,"169":1,"176":2,"177":2,"180":1,"187":1,"188":1,"192":1,"193":1}},"/home/travis/build/npmtest/node-npmtest-vision/lib.npmtest_vision.js":{"path":"/home/travis/build/npmtest/node-npmtest-vision/lib.npmtest_vision.js","s":{"1":2,"2":2,"3":2,"4":2,"5":2,"6":2,"7":2,"8":1,"9":2,"10":2,"11":2,"12":2,"13":1,"14":1,"15":1,"16":1},"b":{"1":[2,1,1,1],"2":[1,1,1,1],"3":[1,1],"4":[2,2],"5":[1,1]},"f":{"1":2,"2":2,"3":2},"fnMap":{"1":{"name":"(anonymous_1)","line":12,"loc":{"start":{"line":12,"column":1},"end":{"line":12,"column":13}}},"2":{"name":"(anonymous_2)","line":19,"loc":{"start":{"line":19,"column":5},"end":{"line":19,"column":17}}},"3":{"name":"(anonymous_3)","line":23,"loc":{"start":{"line":23,"column":24},"end":{"line":23,"column":36}}}},"statementMap":{"1":{"start":{"line":12,"column":0},"end":{"line":53,"column":5}},"2":{"start":{"line":14,"column":4},"end":{"line":14,"column":14}},"3":{"start":{"line":19,"column":4},"end":{"line":52,"column":9}},"4":{"start":{"line":21,"column":8},"end":{"line":21,"column":19}},"5":{"start":{"line":23,"column":8},"end":{"line":35,"column":13}},"6":{"start":{"line":24,"column":12},"end":{"line":34,"column":13}},"7":{"start":{"line":25,"column":16},"end":{"line":28,"column":30}},"8":{"start":{"line":30,"column":16},"end":{"line":33,"column":27}},"9":{"start":{"line":37,"column":8},"end":{"line":39,"column":21}},"10":{"start":{"line":41,"column":8},"end":{"line":41,"column":54}},"11":{"start":{"line":43,"column":8},"end":{"line":43,"column":51}},"12":{"start":{"line":45,"column":8},"end":{"line":51,"column":9}},"13":{"start":{"line":46,"column":12},"end":{"line":46,"column":57}},"14":{"start":{"line":48,"column":12},"end":{"line":48,"column":35}},"15":{"start":{"line":49,"column":12},"end":{"line":49,"column":49}},"16":{"start":{"line":50,"column":12},"end":{"line":50,"column":43}}},"branchMap":{"1":{"line":25,"type":"binary-expr","locations":[{"start":{"line":25,"column":23},"end":{"line":25,"column":62}},{"start":{"line":26,"column":20},"end":{"line":26,"column":70}},{"start":{"line":27,"column":20},"end":{"line":27,"column":71}},{"start":{"line":28,"column":20},"end":{"line":28,"column":29}}]},"2":{"line":30,"type":"binary-expr","locations":[{"start":{"line":30,"column":23},"end":{"line":30,"column":37}},{"start":{"line":31,"column":20},"end":{"line":31,"column":61}},{"start":{"line":32,"column":20},"end":{"line":32,"column":70}},{"start":{"line":33,"column":20},"end":{"line":33,"column":26}}]},"3":{"line":37,"type":"cond-expr","locations":[{"start":{"line":38,"column":14},"end":{"line":38,"column":20}},{"start":{"line":39,"column":14},"end":{"line":39,"column":20}}]},"4":{"line":41,"type":"binary-expr","locations":[{"start":{"line":41,"column":16},"end":{"line":41,"column":44}},{"start":{"line":41,"column":48},"end":{"line":41,"column":53}}]},"5":{"line":45,"type":"if","locations":[{"start":{"line":45,"column":8},"end":{"line":45,"column":8}},{"start":{"line":45,"column":8},"end":{"line":45,"column":8}}]}},"code":["/* istanbul instrument in package npmtest_vision */","/*jslint","    bitwise: true,","    browser: true,","    maxerr: 8,","    maxlen: 96,","    node: true,","    nomen: true,","    regexp: true,","    stupid: true","*/","(function () {","    'use strict';","    var local;","","","","    // run shared js-env code - init-before","    (function () {","        // init local","        local = {};","        // init modeJs","        local.modeJs = (function () {","            try {","                return typeof navigator.userAgent === 'string' &&","                    typeof document.querySelector('body') === 'object' &&","                    typeof XMLHttpRequest.prototype.open === 'function' &&","                    'browser';","            } catch (errorCaughtBrowser) {","                return module.exports &&","                    typeof process.versions.node === 'string' &&","                    typeof require('http').createServer === 'function' &&","                    'node';","            }","        }());","        // init global","        local.global = local.modeJs === 'browser'","            ? window","            : global;","        // init utility2_rollup","        local = local.global.utility2_rollup || local;","        // init lib","        local.local = local.npmtest_vision = local;","        // init exports","        if (local.modeJs === 'browser') {","            local.global.utility2_npmtest_vision = local;","        } else {","            module.exports = local;","            module.exports.__dirname = __dirname;","            module.exports.module = module;","        }","    }());","}());",""],"l":{"12":2,"14":2,"19":2,"21":2,"23":2,"24":2,"25":2,"30":1,"37":2,"41":2,"43":2,"45":2,"46":1,"48":1,"49":1,"50":1}},"/home/travis/build/npmtest/node-npmtest-vision/example.js":{"path":"/home/travis/build/npmtest/node-npmtest-vision/example.js","s":{"1":2,"2":2,"3":2,"4":2,"5":2,"6":2,"7":2,"8":1,"9":2,"10":2,"11":2,"12":2,"13":1,"14":2,"15":2,"16":2,"17":2,"18":2,"19":0,"20":2,"21":1,"22":1,"23":1,"24":1,"25":1,"26":0,"27":0,"28":1,"29":1,"30":2,"31":0,"32":0,"33":0,"34":1,"35":2,"36":2,"37":3,"38":3,"39":3,"40":3,"41":0,"42":3,"43":3,"44":3,"45":1,"46":3,"47":1,"48":1,"49":1,"50":1,"51":1,"52":1,"53":1,"54":1,"55":1,"56":1,"57":0,"58":1,"59":6,"60":6,"61":1,"62":2,"63":0,"64":2,"65":1,"66":1,"67":0,"68":0,"69":0,"70":0,"71":0,"72":0,"73":0,"74":0,"75":0,"76":0,"77":0,"78":0,"79":0,"80":0,"81":0,"82":0,"83":0},"b":{"1":[2,1,1,1],"2":[1,1,1,1],"3":[1,1],"4":[2,2],"5":[1,1],"6":[1,1],"7":[2,0],"8":[2,1,1,1,1,1],"9":[0,2,0],"10":[1,1],"11":[2,1,1],"12":[1,0],"13":[0,2],"14":[2,0,0,0,0,0,0],"15":[0,3],"16":[3,0],"17":[1,1],"18":[0,1],"19":[1,2,0,2],"20":[1,0],"21":[1,1],"22":[0,0],"23":[0,0],"24":[0,0],"25":[0,0],"26":[0,0],"27":[0,0],"28":[0,0]},"f":{"1":2,"2":2,"3":2,"4":2,"5":2,"6":2,"7":3,"8":3,"9":3,"10":1,"11":6,"12":0},"fnMap":{"1":{"name":"(anonymous_1)","line":26,"loc":{"start":{"line":26,"column":1},"end":{"line":26,"column":13}}},"2":{"name":"(anonymous_2)","line":33,"loc":{"start":{"line":33,"column":5},"end":{"line":33,"column":17}}},"3":{"name":"(anonymous_3)","line":37,"loc":{"start":{"line":37,"column":24},"end":{"line":37,"column":36}}},"4":{"name":"(anonymous_4)","line":69,"loc":{"start":{"line":69,"column":31},"end":{"line":69,"column":48}},"skip":true},"5":{"name":"(anonymous_5)","line":78,"loc":{"start":{"line":78,"column":26},"end":{"line":78,"column":45}},"skip":true},"6":{"name":"(anonymous_6)","line":123,"loc":{"start":{"line":123,"column":33},"end":{"line":123,"column":48}},"skip":true},"7":{"name":"(anonymous_7)","line":125,"loc":{"start":{"line":125,"column":27},"end":{"line":125,"column":39}},"skip":true},"8":{"name":"(anonymous_8)","line":133,"loc":{"start":{"line":133,"column":59},"end":{"line":133,"column":74}},"skip":true},"9":{"name":"(anonymous_9)","line":143,"loc":{"start":{"line":143,"column":45},"end":{"line":143,"column":62}},"skip":true},"10":{"name":"(anonymous_10)","line":144,"loc":{"start":{"line":144,"column":73},"end":{"line":144,"column":92}},"skip":true},"11":{"name":"(anonymous_11)","line":272,"loc":{"start":{"line":272,"column":51},"end":{"line":272,"column":77}},"skip":true},"12":{"name":"(anonymous_12)","line":315,"loc":{"start":{"line":315,"column":32},"end":{"line":315,"column":61}},"skip":true}},"statementMap":{"1":{"start":{"line":26,"column":0},"end":{"line":326,"column":5}},"2":{"start":{"line":28,"column":4},"end":{"line":28,"column":14}},"3":{"start":{"line":33,"column":4},"end":{"line":60,"column":9}},"4":{"start":{"line":35,"column":8},"end":{"line":35,"column":19}},"5":{"start":{"line":37,"column":8},"end":{"line":49,"column":13}},"6":{"start":{"line":38,"column":12},"end":{"line":48,"column":13}},"7":{"start":{"line":39,"column":16},"end":{"line":42,"column":30}},"8":{"start":{"line":44,"column":16},"end":{"line":47,"column":27}},"9":{"start":{"line":51,"column":8},"end":{"line":53,"column":21}},"10":{"start":{"line":55,"column":8},"end":{"line":57,"column":45}},"11":{"start":{"line":59,"column":8},"end":{"line":59,"column":35}},"12":{"start":{"line":61,"column":4},"end":{"line":325,"column":5}},"13":{"start":{"line":69,"column":8},"end":{"line":121,"column":10},"skip":true},"14":{"start":{"line":70,"column":12},"end":{"line":88,"column":13},"skip":true},"15":{"start":{"line":76,"column":16},"end":{"line":87,"column":19},"skip":true},"16":{"start":{"line":79,"column":20},"end":{"line":86,"column":21},"skip":true},"17":{"start":{"line":82,"column":24},"end":{"line":82,"column":43},"skip":true},"18":{"start":{"line":83,"column":24},"end":{"line":83,"column":30},"skip":true},"19":{"start":{"line":85,"column":24},"end":{"line":85,"column":49},"skip":true},"20":{"start":{"line":89,"column":12},"end":{"line":107,"column":13},"skip":true},"21":{"start":{"line":92,"column":16},"end":{"line":102,"column":17},"skip":true},"22":{"start":{"line":93,"column":20},"end":{"line":93,"column":86},"skip":true},"23":{"start":{"line":94,"column":20},"end":{"line":95,"column":45},"skip":true},"24":{"start":{"line":96,"column":20},"end":{"line":96,"column":42},"skip":true},"25":{"start":{"line":97,"column":20},"end":{"line":97,"column":48},"skip":true},"26":{"start":{"line":100,"column":20},"end":{"line":100,"column":85},"skip":true},"27":{"start":{"line":101,"column":20},"end":{"line":101,"column":96},"skip":true},"28":{"start":{"line":103,"column":16},"end":{"line":103,"column":22},"skip":true},"29":{"start":{"line":106,"column":16},"end":{"line":106,"column":22},"skip":true},"30":{"start":{"line":108,"column":12},"end":{"line":120,"column":13},"skip":true},"31":{"start":{"line":114,"column":16},"end":{"line":119,"column":17},"skip":true},"32":{"start":{"line":116,"column":20},"end":{"line":116,"column":78},"skip":true},"33":{"start":{"line":118,"column":20},"end":{"line":118,"column":47},"skip":true},"34":{"start":{"line":123,"column":8},"end":{"line":141,"column":11},"skip":true},"35":{"start":{"line":124,"column":12},"end":{"line":124,"column":54},"skip":true},"36":{"start":{"line":125,"column":12},"end":{"line":140,"column":14},"skip":true},"37":{"start":{"line":126,"column":16},"end":{"line":126,"column":28},"skip":true},"38":{"start":{"line":127,"column":16},"end":{"line":127,"column":69},"skip":true},"39":{"start":{"line":128,"column":16},"end":{"line":128,"column":75},"skip":true},"40":{"start":{"line":129,"column":16},"end":{"line":131,"column":17},"skip":true},"41":{"start":{"line":130,"column":20},"end":{"line":130,"column":27},"skip":true},"42":{"start":{"line":133,"column":16},"end":{"line":137,"column":36},"skip":true},"43":{"start":{"line":134,"column":20},"end":{"line":136,"column":55},"skip":true},"44":{"start":{"line":139,"column":16},"end":{"line":139,"column":57},"skip":true},"45":{"start":{"line":143,"column":8},"end":{"line":147,"column":11},"skip":true},"46":{"start":{"line":144,"column":12},"end":{"line":146,"column":15},"skip":true},"47":{"start":{"line":145,"column":16},"end":{"line":145,"column":70},"skip":true},"48":{"start":{"line":149,"column":8},"end":{"line":149,"column":31},"skip":true},"49":{"start":{"line":150,"column":8},"end":{"line":150,"column":14},"skip":true},"50":{"start":{"line":158,"column":8},"end":{"line":158,"column":31},"skip":true},"51":{"start":{"line":160,"column":8},"end":{"line":160,"column":33},"skip":true},"52":{"start":{"line":161,"column":8},"end":{"line":161,"column":37},"skip":true},"53":{"start":{"line":162,"column":8},"end":{"line":162,"column":35},"skip":true},"54":{"start":{"line":164,"column":8},"end":{"line":164,"column":50},"skip":true},"55":{"start":{"line":166,"column":8},"end":{"line":256,"column":2},"skip":true},"56":{"start":{"line":258,"column":8},"end":{"line":286,"column":9},"skip":true},"57":{"start":{"line":259,"column":12},"end":{"line":269,"column":14},"skip":true},"58":{"start":{"line":271,"column":12},"end":{"line":285,"column":19},"skip":true},"59":{"start":{"line":274,"column":20},"end":{"line":274,"column":35},"skip":true},"60":{"start":{"line":275,"column":20},"end":{"line":284,"column":21},"skip":true},"61":{"start":{"line":277,"column":24},"end":{"line":277,"column":64},"skip":true},"62":{"start":{"line":279,"column":24},"end":{"line":279,"column":40},"skip":true},"63":{"start":{"line":281,"column":24},"end":{"line":281,"column":40},"skip":true},"64":{"start":{"line":283,"column":24},"end":{"line":283,"column":39},"skip":true},"65":{"start":{"line":288,"column":8},"end":{"line":290,"column":9},"skip":true},"66":{"start":{"line":289,"column":12},"end":{"line":289,"column":18},"skip":true},"67":{"start":{"line":291,"column":8},"end":{"line":293,"column":54},"skip":true},"68":{"start":{"line":296,"column":8},"end":{"line":301,"column":37},"skip":true},"69":{"start":{"line":303,"column":8},"end":{"line":303,"column":82},"skip":true},"70":{"start":{"line":306,"column":8},"end":{"line":308,"column":9},"skip":true},"71":{"start":{"line":307,"column":12},"end":{"line":307,"column":82},"skip":true},"72":{"start":{"line":310,"column":8},"end":{"line":312,"column":9},"skip":true},"73":{"start":{"line":311,"column":12},"end":{"line":311,"column":18},"skip":true},"74":{"start":{"line":313,"column":8},"end":{"line":313,"column":54},"skip":true},"75":{"start":{"line":314,"column":8},"end":{"line":314,"column":69},"skip":true},"76":{"start":{"line":315,"column":8},"end":{"line":323,"column":36},"skip":true},"77":{"start":{"line":316,"column":12},"end":{"line":316,"column":61},"skip":true},"78":{"start":{"line":317,"column":12},"end":{"line":320,"column":13},"skip":true},"79":{"start":{"line":318,"column":16},"end":{"line":318,"column":75},"skip":true},"80":{"start":{"line":319,"column":16},"end":{"line":319,"column":23},"skip":true},"81":{"start":{"line":321,"column":12},"end":{"line":321,"column":38},"skip":true},"82":{"start":{"line":322,"column":12},"end":{"line":322,"column":27},"skip":true},"83":{"start":{"line":324,"column":8},"end":{"line":324,"column":14},"skip":true}},"branchMap":{"1":{"line":39,"type":"binary-expr","locations":[{"start":{"line":39,"column":23},"end":{"line":39,"column":62}},{"start":{"line":40,"column":20},"end":{"line":40,"column":70}},{"start":{"line":41,"column":20},"end":{"line":41,"column":71}},{"start":{"line":42,"column":20},"end":{"line":42,"column":29}}]},"2":{"line":44,"type":"binary-expr","locations":[{"start":{"line":44,"column":23},"end":{"line":44,"column":37}},{"start":{"line":45,"column":20},"end":{"line":45,"column":61}},{"start":{"line":46,"column":20},"end":{"line":46,"column":70}},{"start":{"line":47,"column":20},"end":{"line":47,"column":26}}]},"3":{"line":51,"type":"cond-expr","locations":[{"start":{"line":52,"column":14},"end":{"line":52,"column":20}},{"start":{"line":53,"column":14},"end":{"line":53,"column":20}}]},"4":{"line":55,"type":"binary-expr","locations":[{"start":{"line":55,"column":16},"end":{"line":55,"column":44}},{"start":{"line":55,"column":49},"end":{"line":57,"column":43}}]},"5":{"line":55,"type":"cond-expr","locations":[{"start":{"line":56,"column":14},"end":{"line":56,"column":50}},{"start":{"line":57,"column":14},"end":{"line":57,"column":43}}]},"6":{"line":61,"type":"switch","locations":[{"start":{"line":68,"column":4},"end":{"line":150,"column":14},"skip":true},{"start":{"line":156,"column":4},"end":{"line":324,"column":14},"skip":true}]},"7":{"line":70,"type":"if","locations":[{"start":{"line":70,"column":12},"end":{"line":70,"column":12},"skip":true},{"start":{"line":70,"column":12},"end":{"line":70,"column":12},"skip":true}]},"8":{"line":70,"type":"binary-expr","locations":[{"start":{"line":70,"column":16},"end":{"line":70,"column":22},"skip":true},{"start":{"line":70,"column":27},"end":{"line":70,"column":32},"skip":true},{"start":{"line":71,"column":20},"end":{"line":71,"column":39},"skip":true},{"start":{"line":72,"column":20},"end":{"line":72,"column":49},"skip":true},{"start":{"line":73,"column":20},"end":{"line":73,"column":58},"skip":true},{"start":{"line":74,"column":20},"end":{"line":74,"column":69},"skip":true}]},"9":{"line":79,"type":"switch","locations":[{"start":{"line":80,"column":20},"end":{"line":80,"column":33},"skip":true},{"start":{"line":81,"column":20},"end":{"line":83,"column":30},"skip":true},{"start":{"line":84,"column":20},"end":{"line":85,"column":49},"skip":true}]},"10":{"line":89,"type":"switch","locations":[{"start":{"line":90,"column":12},"end":{"line":103,"column":22},"skip":true},{"start":{"line":105,"column":12},"end":{"line":106,"column":22},"skip":true}]},"11":{"line":89,"type":"binary-expr","locations":[{"start":{"line":89,"column":20},"end":{"line":89,"column":25},"skip":true},{"start":{"line":89,"column":29},"end":{"line":89,"column":48},"skip":true},{"start":{"line":89,"column":52},"end":{"line":89,"column":74},"skip":true}]},"12":{"line":92,"type":"if","locations":[{"start":{"line":92,"column":16},"end":{"line":92,"column":16},"skip":true},{"start":{"line":92,"column":16},"end":{"line":92,"column":16},"skip":true}]},"13":{"line":108,"type":"if","locations":[{"start":{"line":108,"column":12},"end":{"line":108,"column":12},"skip":true},{"start":{"line":108,"column":12},"end":{"line":108,"column":12},"skip":true}]},"14":{"line":108,"type":"binary-expr","locations":[{"start":{"line":108,"column":16},"end":{"line":108,"column":61},"skip":true},{"start":{"line":108,"column":66},"end":{"line":108,"column":72},"skip":true},{"start":{"line":108,"column":77},"end":{"line":108,"column":82},"skip":true},{"start":{"line":109,"column":20},"end":{"line":109,"column":39},"skip":true},{"start":{"line":110,"column":20},"end":{"line":110,"column":49},"skip":true},{"start":{"line":111,"column":20},"end":{"line":111,"column":58},"skip":true},{"start":{"line":112,"column":20},"end":{"line":112,"column":68},"skip":true}]},"15":{"line":129,"type":"if","locations":[{"start":{"line":129,"column":16},"end":{"line":129,"column":16},"skip":true},{"start":{"line":129,"column":16},"end":{"line":129,"column":16},"skip":true}]},"16":{"line":134,"type":"cond-expr","locations":[{"start":{"line":135,"column":26},"end":{"line":135,"column":29},"skip":true},{"start":{"line":136,"column":26},"end":{"line":136,"column":54},"skip":true}]},"17":{"line":164,"type":"binary-expr","locations":[{"start":{"line":164,"column":27},"end":{"line":164,"column":43},"skip":true},{"start":{"line":164,"column":47},"end":{"line":164,"column":49},"skip":true}]},"18":{"line":258,"type":"if","locations":[{"start":{"line":258,"column":8},"end":{"line":258,"column":8},"skip":true},{"start":{"line":258,"column":8},"end":{"line":258,"column":8},"skip":true}]},"19":{"line":275,"type":"switch","locations":[{"start":{"line":276,"column":20},"end":{"line":277,"column":64},"skip":true},{"start":{"line":278,"column":20},"end":{"line":279,"column":40},"skip":true},{"start":{"line":280,"column":20},"end":{"line":281,"column":40},"skip":true},{"start":{"line":282,"column":20},"end":{"line":283,"column":39},"skip":true}]},"20":{"line":288,"type":"if","locations":[{"start":{"line":288,"column":8},"end":{"line":288,"column":8},"skip":true},{"start":{"line":288,"column":8},"end":{"line":288,"column":8},"skip":true}]},"21":{"line":288,"type":"binary-expr","locations":[{"start":{"line":288,"column":12},"end":{"line":288,"column":40},"skip":true},{"start":{"line":288,"column":44},"end":{"line":288,"column":67},"skip":true}]},"22":{"line":292,"type":"binary-expr","locations":[{"start":{"line":292,"column":12},"end":{"line":292,"column":50},"skip":true},{"start":{"line":293,"column":12},"end":{"line":293,"column":53},"skip":true}]},"23":{"line":297,"type":"binary-expr","locations":[{"start":{"line":297,"column":12},"end":{"line":297,"column":64},"skip":true},{"start":{"line":298,"column":12},"end":{"line":301,"column":36},"skip":true}]},"24":{"line":303,"type":"binary-expr","locations":[{"start":{"line":303,"column":43},"end":{"line":303,"column":75},"skip":true},{"start":{"line":303,"column":79},"end":{"line":303,"column":81},"skip":true}]},"25":{"line":306,"type":"if","locations":[{"start":{"line":306,"column":8},"end":{"line":306,"column":8},"skip":true},{"start":{"line":306,"column":8},"end":{"line":306,"column":8},"skip":true}]},"26":{"line":310,"type":"if","locations":[{"start":{"line":310,"column":8},"end":{"line":310,"column":8},"skip":true},{"start":{"line":310,"column":8},"end":{"line":310,"column":8},"skip":true}]},"27":{"line":313,"type":"binary-expr","locations":[{"start":{"line":313,"column":27},"end":{"line":313,"column":43},"skip":true},{"start":{"line":313,"column":47},"end":{"line":313,"column":53},"skip":true}]},"28":{"line":317,"type":"if","locations":[{"start":{"line":317,"column":12},"end":{"line":317,"column":12},"skip":true},{"start":{"line":317,"column":12},"end":{"line":317,"column":12},"skip":true}]}},"code":["/*","example.js","","quickstart example","","instruction","    1. save this script as example.js","    2. run the shell command:","        $ npm install npmtest-vision && PORT=8081 node example.js","    3. play with the browser-demo on http://127.0.0.1:8081","*/","","","","/* istanbul instrument in package npmtest_vision */","/*jslint","    bitwise: true,","    browser: true,","    maxerr: 8,","    maxlen: 96,","    node: true,","    nomen: true,","    regexp: true,","    stupid: true","*/","(function () {","    'use strict';","    var local;","","","","    // run shared js-env code - init-before","    (function () {","        // init local","        local = {};","        // init modeJs","        local.modeJs = (function () {","            try {","                return typeof navigator.userAgent === 'string' &&","                    typeof document.querySelector('body') === 'object' &&","                    typeof XMLHttpRequest.prototype.open === 'function' &&","                    'browser';","            } catch (errorCaughtBrowser) {","                return module.exports &&","                    typeof process.versions.node === 'string' &&","                    typeof require('http').createServer === 'function' &&","                    'node';","            }","        }());","        // init global","        local.global = local.modeJs === 'browser'","            ? window","            : global;","        // init utility2_rollup","        local = local.global.utility2_rollup || (local.modeJs === 'browser'","            ? local.global.utility2_npmtest_vision","            : global.utility2_moduleExports);","        // export local","        local.global.local = local;","    }());","    switch (local.modeJs) {","","","","    // init-after","    // run browser js-env code - init-after","    /* istanbul ignore next */","    case 'browser':","        local.testRunBrowser = function (event) {","            if (!event || (event &&","                    event.currentTarget &&","                    event.currentTarget.className &&","                    event.currentTarget.className.includes &&","                    event.currentTarget.className.includes('onreset'))) {","                // reset output","                Array.from(","                    document.querySelectorAll('body > .resettable')","                ).forEach(function (element) {","                    switch (element.tagName) {","                    case 'INPUT':","                    case 'TEXTAREA':","                        element.value = '';","                        break;","                    default:","                        element.textContent = '';","                    }","                });","            }","            switch (event && event.currentTarget && event.currentTarget.id) {","            case 'testRunButton1':","                // show tests","                if (document.querySelector('#testReportDiv1').style.display === 'none') {","                    document.querySelector('#testReportDiv1').style.display = 'block';","                    document.querySelector('#testRunButton1').textContent =","                        'hide internal test';","                    local.modeTest = true;","                    local.testRunDefault(local);","                // hide tests","                } else {","                    document.querySelector('#testReportDiv1').style.display = 'none';","                    document.querySelector('#testRunButton1').textContent = 'run internal test';","                }","                break;","            // custom-case","            default:","                break;","            }","            if (document.querySelector('#inputTextareaEval1') && (!event || (event &&","                    event.currentTarget &&","                    event.currentTarget.className &&","                    event.currentTarget.className.includes &&","                    event.currentTarget.className.includes('oneval')))) {","                // try to eval input-code","                try {","                    /*jslint evil: true*/","                    eval(document.querySelector('#inputTextareaEval1').value);","                } catch (errorCaught) {","                    console.error(errorCaught);","                }","            }","        };","        // log stderr and stdout to #outputTextareaStdout1","        ['error', 'log'].forEach(function (key) {","            console[key + '_original'] = console[key];","            console[key] = function () {","                var element;","                console[key + '_original'].apply(console, arguments);","                element = document.querySelector('#outputTextareaStdout1');","                if (!element) {","                    return;","                }","                // append text to #outputTextareaStdout1","                element.value += Array.from(arguments).map(function (arg) {","                    return typeof arg === 'string'","                        ? arg","                        : JSON.stringify(arg, null, 4);","                }).join(' ') + '\\n';","                // scroll textarea to bottom","                element.scrollTop = element.scrollHeight;","            };","        });","        // init event-handling","        ['change', 'click', 'keyup'].forEach(function (event) {","            Array.from(document.querySelectorAll('.on' + event)).forEach(function (element) {","                element.addEventListener(event, local.testRunBrowser);","            });","        });","        // run tests","        local.testRunBrowser();","        break;","","","","    // run node js-env code - init-after","    /* istanbul ignore next */","    case 'node':","        // export local","        module.exports = local;","        // require modules","        local.fs = require('fs');","        local.http = require('http');","        local.url = require('url');","        // init assets","        local.assetsDict = local.assetsDict || {};","        /* jslint-ignore-begin */","        local.assetsDict['/assets.index.template.html'] = '\\","<!doctype html>\\n\\","<html lang=\"en\">\\n\\","<head>\\n\\","<meta charset=\"UTF-8\">\\n\\","<meta name=\"viewport\" content=\"width=device-width, initial-scale=1\">\\n\\","<title>{{env.npm_package_name}} (v{{env.npm_package_version}})</title>\\n\\","<style>\\n\\","/*csslint\\n\\","    box-sizing: false,\\n\\","    universal-selector: false\\n\\","*/\\n\\","* {\\n\\","    box-sizing: border-box;\\n\\","}\\n\\","body {\\n\\","    background: #dde;\\n\\","    font-family: Arial, Helvetica, sans-serif;\\n\\","    margin: 2rem;\\n\\","}\\n\\","body > * {\\n\\","    margin-bottom: 1rem;\\n\\","}\\n\\",".utility2FooterDiv {\\n\\","    margin-top: 20px;\\n\\","    text-align: center;\\n\\","}\\n\\","</style>\\n\\","<style>\\n\\","/*csslint\\n\\","*/\\n\\","textarea {\\n\\","    font-family: monospace;\\n\\","    height: 10rem;\\n\\","    width: 100%;\\n\\","}\\n\\","textarea[readonly] {\\n\\","    background: #ddd;\\n\\","}\\n\\","</style>\\n\\","</head>\\n\\","<body>\\n\\","<!-- utility2-comment\\n\\","<div id=\"ajaxProgressDiv1\" style=\"background: #d00; height: 2px; left: 0; margin: 0; padding: 0; position: fixed; top: 0; transition: background 0.5s, width 1.5s; width: 25%;\"></div>\\n\\","utility2-comment -->\\n\\","<h1>\\n\\","<!-- utility2-comment\\n\\","    <a\\n\\","        {{#if env.npm_package_homepage}}\\n\\","        href=\"{{env.npm_package_homepage}}\"\\n\\","        {{/if env.npm_package_homepage}}\\n\\","        target=\"_blank\"\\n\\","    >\\n\\","utility2-comment -->\\n\\","        {{env.npm_package_name}} (v{{env.npm_package_version}})\\n\\","<!-- utility2-comment\\n\\","    </a>\\n\\","utility2-comment -->\\n\\","</h1>\\n\\","<h3>{{env.npm_package_description}}</h3>\\n\\","<!-- utility2-comment\\n\\","<h4><a download href=\"assets.app.js\">download standalone app</a></h4>\\n\\","<button class=\"onclick onreset\" id=\"testRunButton1\">run internal test</button><br>\\n\\","<div id=\"testReportDiv1\" style=\"display: none;\"></div>\\n\\","utility2-comment -->\\n\\","\\n\\","\\n\\","\\n\\","<label>stderr and stdout</label>\\n\\","<textarea class=\"resettable\" id=\"outputTextareaStdout1\" readonly></textarea>\\n\\","<!-- utility2-comment\\n\\","{{#if isRollup}}\\n\\","<script src=\"assets.app.js\"></script>\\n\\","{{#unless isRollup}}\\n\\","utility2-comment -->\\n\\","<script src=\"assets.utility2.rollup.js\"></script>\\n\\","<script src=\"jsonp.utility2._stateInit?callback=window.utility2._stateInit\"></script>\\n\\","<script src=\"assets.npmtest_vision.rollup.js\"></script>\\n\\","<script src=\"assets.example.js\"></script>\\n\\","<script src=\"assets.test.js\"></script>\\n\\","<!-- utility2-comment\\n\\","{{/if isRollup}}\\n\\","utility2-comment -->\\n\\","<div class=\"utility2FooterDiv\">\\n\\","    [ this app was created with\\n\\","    <a href=\"https://github.com/kaizhu256/node-utility2\" target=\"_blank\">utility2</a>\\n\\","    ]\\n\\","</div>\\n\\","</body>\\n\\","</html>\\n\\","';","        /* jslint-ignore-end */","        if (local.templateRender) {","            local.assetsDict['/'] = local.templateRender(","                local.assetsDict['/assets.index.template.html'],","                {","                    env: local.objectSetDefault(local.env, {","                        npm_package_description: 'the greatest app in the world!',","                        npm_package_name: 'my-app',","                        npm_package_nameAlias: 'my_app',","                        npm_package_version: '0.0.1'","                    })","                }","            );","        } else {","            local.assetsDict['/'] = local.assetsDict['/assets.index.template.html']","                .replace((/\\{\\{env\\.(\\w+?)\\}\\}/g), function (match0, match1) {","                    // jslint-hack","                    String(match0);","                    switch (match1) {","                    case 'npm_package_description':","                        return 'the greatest app in the world!';","                    case 'npm_package_name':","                        return 'my-app';","                    case 'npm_package_nameAlias':","                        return 'my_app';","                    case 'npm_package_version':","                        return '0.0.1';","                    }","                });","        }","        // run the cli","        if (local.global.utility2_rollup || module !== require.main) {","            break;","        }","        local.assetsDict['/assets.example.js'] =","            local.assetsDict['/assets.example.js'] ||","            local.fs.readFileSync(__filename, 'utf8');","        // bug-workaround - long $npm_package_buildCustomOrg","        /* jslint-ignore-begin */","        local.assetsDict['/assets.npmtest_vision.rollup.js'] =","            local.assetsDict['/assets.npmtest_vision.rollup.js'] ||","            local.fs.readFileSync(","                local.npmtest_vision.__dirname + '/lib.npmtest_vision.js',","                'utf8'","            ).replace((/^#!/), '//');","        /* jslint-ignore-end */","        local.assetsDict['/favicon.ico'] = local.assetsDict['/favicon.ico'] || '';","        // if $npm_config_timeout_exit exists,","        // then exit this process after $npm_config_timeout_exit ms","        if (Number(process.env.npm_config_timeout_exit)) {","            setTimeout(process.exit, Number(process.env.npm_config_timeout_exit));","        }","        // start server","        if (local.global.utility2_serverHttp1) {","            break;","        }","        process.env.PORT = process.env.PORT || '8081';","        console.error('server starting on port ' + process.env.PORT);","        local.http.createServer(function (request, response) {","            request.urlParsed = local.url.parse(request.url);","            if (local.assetsDict[request.urlParsed.pathname] !== undefined) {","                response.end(local.assetsDict[request.urlParsed.pathname]);","                return;","            }","            response.statusCode = 404;","            response.end();","        }).listen(process.env.PORT);","        break;","    }","}());",""],"l":{"26":2,"28":2,"33":2,"35":2,"37":2,"38":2,"39":2,"44":1,"51":2,"55":2,"59":2,"61":2,"69":1,"70":2,"76":2,"79":2,"82":2,"83":2,"85":1,"89":2,"92":1,"93":1,"94":1,"96":1,"97":1,"100":1,"101":1,"103":1,"106":1,"108":2,"114":1,"116":1,"118":1,"123":1,"124":2,"125":2,"126":3,"127":3,"128":3,"129":3,"130":1,"133":3,"134":3,"139":3,"143":1,"144":3,"145":1,"149":1,"150":1,"158":1,"160":1,"161":1,"162":1,"164":1,"166":1,"258":1,"259":1,"271":1,"274":6,"275":6,"277":1,"279":2,"281":1,"283":2,"288":1,"289":1,"291":1,"296":1,"303":1,"306":1,"307":1,"310":1,"311":1,"313":1,"314":1,"315":1,"316":1,"317":1,"318":1,"319":1,"321":1,"322":1,"324":1}},"/home/travis/build/npmtest/node-npmtest-vision/node_modules/vision/lib/index.js":{"path":"/home/travis/build/npmtest/node-npmtest-vision/node_modules/vision/lib/index.js","s":{"1":1,"2":1,"3":1,"4":1,"5":1,"6":1,"7":0,"8":0,"9":0,"10":0,"11":0,"12":0,"13":0,"14":0,"15":0,"16":0,"17":0,"18":0,"19":0,"20":0,"21":0,"22":0,"23":0,"24":0,"25":1,"26":1,"27":0,"28":0,"29":0,"30":0,"31":0,"32":0,"33":0,"34":0,"35":1,"36":0,"37":0,"38":0,"39":0,"40":0,"41":0,"42":0,"43":0,"44":0,"45":0,"46":0,"47":0},"b":{"1":[0,0],"2":[0,0],"3":[0,0],"4":[0,0,0],"5":[0,0],"6":[0,0],"7":[0,0],"8":[0,0,0,0],"9":[0,0],"10":[0,0],"11":[0,0]},"f":{"1":0,"2":0,"3":0,"4":0,"5":0,"6":0},"fnMap":{"1":{"name":"(anonymous_1)","line":25,"loc":{"start":{"line":25,"column":19},"end":{"line":25,"column":58}}},"2":{"name":"(anonymous_2)","line":27,"loc":{"start":{"line":27,"column":39},"end":{"line":27,"column":58}}},"3":{"name":"(anonymous_3)","line":50,"loc":{"start":{"line":50,"column":37},"end":{"line":50,"column":75}}},"4":{"name":"(anonymous_4)","line":67,"loc":{"start":{"line":67,"column":19},"end":{"line":67,"column":67}}},"5":{"name":"(anonymous_5)","line":82,"loc":{"start":{"line":82,"column":20},"end":{"line":82,"column":46}}},"6":{"name":"(anonymous_6)","line":96,"loc":{"start":{"line":96,"column":11},"end":{"line":96,"column":37}}}},"statementMap":{"1":{"start":{"line":4,"column":0},"end":{"line":4,"column":29}},"2":{"start":{"line":5,"column":0},"end":{"line":5,"column":27}},"3":{"start":{"line":6,"column":0},"end":{"line":6,"column":37}},"4":{"start":{"line":12,"column":0},"end":{"line":12,"column":21}},"5":{"start":{"line":15,"column":0},"end":{"line":22,"column":3}},"6":{"start":{"line":25,"column":0},"end":{"line":58,"column":2}},"7":{"start":{"line":27,"column":4},"end":{"line":43,"column":7}},"8":{"start":{"line":29,"column":8},"end":{"line":29,"column":54}},"9":{"start":{"line":30,"column":8},"end":{"line":30,"column":68}},"10":{"start":{"line":31,"column":8},"end":{"line":31,"column":99}},"11":{"start":{"line":33,"column":8},"end":{"line":38,"column":9}},"12":{"start":{"line":36,"column":12},"end":{"line":36,"column":44}},"13":{"start":{"line":37,"column":12},"end":{"line":37,"column":70}},"14":{"start":{"line":40,"column":8},"end":{"line":40,"column":45}},"15":{"start":{"line":41,"column":8},"end":{"line":41,"column":52}},"16":{"start":{"line":42,"column":8},"end":{"line":42,"column":23}},"17":{"start":{"line":45,"column":4},"end":{"line":45,"column":58}},"18":{"start":{"line":46,"column":4},"end":{"line":46,"column":59}},"19":{"start":{"line":48,"column":4},"end":{"line":48,"column":46}},"20":{"start":{"line":50,"column":4},"end":{"line":55,"column":7}},"21":{"start":{"line":52,"column":8},"end":{"line":52,"column":100}},"22":{"start":{"line":53,"column":8},"end":{"line":53,"column":92}},"23":{"start":{"line":54,"column":8},"end":{"line":54,"column":96}},"24":{"start":{"line":57,"column":4},"end":{"line":57,"column":18}},"25":{"start":{"line":60,"column":0},"end":{"line":64,"column":2}},"26":{"start":{"line":67,"column":0},"end":{"line":79,"column":2}},"27":{"start":{"line":69,"column":4},"end":{"line":72,"column":5}},"28":{"start":{"line":70,"column":8},"end":{"line":70,"column":27}},"29":{"start":{"line":71,"column":8},"end":{"line":71,"column":21}},"30":{"start":{"line":74,"column":4},"end":{"line":74,"column":56}},"31":{"start":{"line":75,"column":4},"end":{"line":75,"column":51}},"32":{"start":{"line":76,"column":4},"end":{"line":76,"column":147}},"33":{"start":{"line":77,"column":4},"end":{"line":77,"column":57}},"34":{"start":{"line":78,"column":4},"end":{"line":78,"column":71}},"35":{"start":{"line":82,"column":0},"end":{"line":115,"column":2}},"36":{"start":{"line":84,"column":4},"end":{"line":84,"column":95}},"37":{"start":{"line":86,"column":4},"end":{"line":88,"column":5}},"38":{"start":{"line":87,"column":8},"end":{"line":87,"column":40}},"39":{"start":{"line":90,"column":4},"end":{"line":94,"column":6}},"40":{"start":{"line":96,"column":4},"end":{"line":114,"column":6}},"41":{"start":{"line":98,"column":8},"end":{"line":103,"column":10}},"42":{"start":{"line":105,"column":8},"end":{"line":111,"column":9}},"43":{"start":{"line":106,"column":12},"end":{"line":106,"column":55}},"44":{"start":{"line":107,"column":12},"end":{"line":110,"column":13}},"45":{"start":{"line":108,"column":16},"end":{"line":108,"column":36}},"46":{"start":{"line":109,"column":16},"end":{"line":109,"column":53}},"47":{"start":{"line":113,"column":8},"end":{"line":113,"column":65}}},"branchMap":{"1":{"line":30,"type":"binary-expr","locations":[{"start":{"line":30,"column":36},"end":{"line":30,"column":61}},{"start":{"line":30,"column":65},"end":{"line":30,"column":67}}]},"2":{"line":33,"type":"if","locations":[{"start":{"line":33,"column":8},"end":{"line":33,"column":8}},{"start":{"line":33,"column":8},"end":{"line":33,"column":8}}]},"3":{"line":33,"type":"binary-expr","locations":[{"start":{"line":33,"column":12},"end":{"line":33,"column":31}},{"start":{"line":34,"column":12},"end":{"line":34,"column":48}}]},"4":{"line":52,"type":"binary-expr","locations":[{"start":{"line":52,"column":23},"end":{"line":52,"column":48}},{"start":{"line":52,"column":52},"end":{"line":52,"column":92}},{"start":{"line":52,"column":96},"end":{"line":52,"column":98}}]},"5":{"line":69,"type":"if","locations":[{"start":{"line":69,"column":4},"end":{"line":69,"column":4}},{"start":{"line":69,"column":4},"end":{"line":69,"column":4}}]},"6":{"line":69,"type":"binary-expr","locations":[{"start":{"line":69,"column":8},"end":{"line":69,"column":17}},{"start":{"line":69,"column":21},"end":{"line":69,"column":50}}]},"7":{"line":75,"type":"cond-expr","locations":[{"start":{"line":75,"column":31},"end":{"line":75,"column":35}},{"start":{"line":75,"column":38},"end":{"line":75,"column":49}}]},"8":{"line":76,"type":"binary-expr","locations":[{"start":{"line":76,"column":21},"end":{"line":76,"column":71}},{"start":{"line":76,"column":76},"end":{"line":76,"column":103}},{"start":{"line":76,"column":107},"end":{"line":76,"column":139}},{"start":{"line":76,"column":143},"end":{"line":76,"column":145}}]},"9":{"line":76,"type":"cond-expr","locations":[{"start":{"line":76,"column":33},"end":{"line":76,"column":64}},{"start":{"line":76,"column":67},"end":{"line":76,"column":71}}]},"10":{"line":86,"type":"if","locations":[{"start":{"line":86,"column":4},"end":{"line":86,"column":4}},{"start":{"line":86,"column":4},"end":{"line":86,"column":4}}]},"11":{"line":105,"type":"if","locations":[{"start":{"line":105,"column":8},"end":{"line":105,"column":8}},{"start":{"line":105,"column":8},"end":{"line":105,"column":8}}]}},"code":["'use strict';","// Load modules","","const Hoek = require('hoek');","const Joi = require('joi');","const Manager = require('./manager');","// Additional helper modules required in constructor","","","// Declare internals","","const internals = {};","","","internals.schema = Joi.alternatives([","    Joi.string(),","    Joi.object({","        template: Joi.string(),","        context: Joi.object(),","        options: Joi.object()","    })","]);","","","exports.register = function (server, pluginOptions, next) {","","    server.decorate('server', 'views', function (options) {","","        Hoek.assert(options, 'Missing views options');","        this.realm.plugins.vision = this.realm.plugins.vision || {};","        Hoek.assert(!this.realm.plugins.vision.manager, 'Cannot set views manager more than once');","","        if (!options.relativeTo &&","            this.realm.settings.files.relativeTo) {","","            options = Hoek.shallow(options);","            options.relativeTo = this.realm.settings.files.relativeTo;","        }","","        const manager = new Manager(options);","        this.realm.plugins.vision.manager = manager;","        return manager;","    });","","    server.decorate('server', 'render', internals.render);","    server.decorate('request', 'render', internals.render);","","    server.handler('view', internals.handler);","","    server.decorate('reply', 'view', function (template, context, options) {","","        const realm = (this.realm.plugins.vision || this.request.server.realm.plugins.vision || {});","        Hoek.assert(realm.manager, 'Cannot render view without a views manager configured');","        return this.response(realm.manager._response(template, context, options, this.request));","    });","","    return next();","};","","exports.register.attributes = {","    connections: false,","    once: true,","    pkg: require('../package.json')","};","","","internals.render = function (template, context, options, callback) {","","    if (!callback && typeof options === 'function') {","        callback = options;","        options = {};","    }","","    const isServer = (typeof this.route === 'function');","    const server = (isServer ? this : this.server);","    const vision = ((!isServer ? this.route.realm.plugins.vision : null) || server.realm.plugins.vision || server.root.realm.plugins.vision || {});","    Hoek.assert(vision.manager, 'Missing views manager');","    return vision.manager.render(template, context, options, callback);","};","","","internals.handler = function (route, options) {","","    Joi.assert(options, internals.schema, 'Invalid view handler options (' + route.path + ')');","","    if (typeof options === 'string') {","        options = { template: options };","    }","","    const settings = {                                                // Shallow copy to allow making dynamic changes to context","        template: options.template,","        context: options.context,","        options: options.options","    };","","    return function (request, reply) {","","        const context = {","            params: request.params,","            payload: request.payload,","            query: request.query,","            pre: request.pre","        };","","        if (settings.context) {                                     // Shallow copy to avoid cloning unknown objects","            const keys = Object.keys(settings.context);","            for (let i = 0; i < keys.length; ++i) {","                const key = keys[i];","                context[key] = settings.context[key];","            }","        }","","        reply.view(settings.template, context, settings.options);","    };","};",""],"l":{"4":1,"5":1,"6":1,"12":1,"15":1,"25":1,"27":0,"29":0,"30":0,"31":0,"33":0,"36":0,"37":0,"40":0,"41":0,"42":0,"45":0,"46":0,"48":0,"50":0,"52":0,"53":0,"54":0,"57":0,"60":1,"67":1,"69":0,"70":0,"71":0,"74":0,"75":0,"76":0,"77":0,"78":0,"82":1,"84":0,"86":0,"87":0,"90":0,"96":0,"98":0,"105":0,"106":0,"107":0,"108":0,"109":0,"113":0}},"/home/travis/build/npmtest/node-npmtest-vision/node_modules/vision/lib/manager.js":{"path":"/home/travis/build/npmtest/node-npmtest-vision/node_modules/vision/lib/manager.js","s":{"1":1,"2":1,"3":1,"4":1,"5":1,"6":1,"7":1,"8":1,"9":1,"10":1,"11":1,"12":1,"13":1,"14":1,"15":0,"16":0,"17":0,"18":0,"19":0,"20":0,"21":0,"22":0,"23":0,"24":0,"25":0,"26":0,"27":0,"28":0,"29":0,"30":0,"31":0,"32":0,"33":0,"34":0,"35":0,"36":0,"37":0,"38":0,"39":0,"40":0,"41":0,"42":0,"43":0,"44":0,"45":0,"46":0,"47":0,"48":0,"49":0,"50":0,"51":0,"52":0,"53":0,"54":0,"55":0,"56":1,"57":0,"58":0,"59":0,"60":0,"61":0,"62":0,"63":0,"64":0,"65":0,"66":0,"67":0,"68":0,"69":0,"70":0,"71":0,"72":0,"73":0,"74":0,"75":0,"76":0,"77":0,"78":0,"79":0,"80":0,"81":1,"82":0,"83":0,"84":0,"85":0,"86":0,"87":0,"88":0,"89":0,"90":0,"91":0,"92":0,"93":0,"94":0,"95":0,"96":0,"97":0,"98":0,"99":0,"100":1,"101":0,"102":0,"103":0,"104":0,"105":1,"106":0,"107":0,"108":0,"109":0,"110":0,"111":0,"112":0,"113":0,"114":0,"115":1,"116":0,"117":0,"118":0,"119":0,"120":0,"121":0,"122":0,"123":0,"124":0,"125":0,"126":0,"127":0,"128":0,"129":0,"130":0,"131":1,"132":0,"133":0,"134":0,"135":0,"136":0,"137":0,"138":0,"139":1,"140":0,"141":0,"142":0,"143":0,"144":0,"145":0,"146":0,"147":0,"148":0,"149":0,"150":0,"151":0,"152":0,"153":0,"154":0,"155":0,"156":0,"157":0,"158":1,"159":0,"160":0,"161":0,"162":0,"163":0,"164":0,"165":0,"166":0,"167":0,"168":0,"169":0,"170":0,"171":0,"172":0,"173":0,"174":0,"175":0,"176":0,"177":1,"178":0,"179":0,"180":0,"181":0,"182":0,"183":0,"184":0,"185":0,"186":0,"187":0,"188":0,"189":0,"190":0,"191":0,"192":0,"193":0,"194":0,"195":0,"196":0,"197":0,"198":0,"199":0,"200":0,"201":1,"202":0,"203":0,"204":0,"205":1,"206":0,"207":0,"208":0,"209":0,"210":0,"211":0,"212":0,"213":0,"214":0,"215":0,"216":0,"217":0,"218":1,"219":0,"220":0,"221":0,"222":1,"223":0,"224":0,"225":0,"226":0,"227":0,"228":0,"229":0,"230":0,"231":0,"232":1,"233":0,"234":0,"235":0,"236":0,"237":0,"238":0,"239":1,"240":0,"241":0,"242":0,"243":0,"244":0,"245":0},"b":{"1":[0,0],"2":[0,0],"3":[0,0],"4":[0,0],"5":[0,0],"6":[0,0],"7":[0,0],"8":[0,0],"9":[0,0,0],"10":[0,0],"11":[0,0],"12":[0,0],"13":[0,0],"14":[0,0],"15":[0,0,0],"16":[0,0],"17":[0,0],"18":[0,0],"19":[0,0],"20":[0,0],"21":[0,0],"22":[0,0],"23":[0,0],"24":[0,0],"25":[0,0],"26":[0,0],"27":[0,0],"28":[0,0],"29":[0,0],"30":[0,0],"31":[0,0],"32":[0,0],"33":[0,0],"34":[0,0],"35":[0,0],"36":[0,0],"37":[0,0],"38":[0,0],"39":[0,0],"40":[0,0],"41":[0,0],"42":[0,0],"43":[0,0],"44":[0,0,0],"45":[0,0],"46":[0,0],"47":[0,0],"48":[0,0],"49":[0,0],"50":[0,0],"51":[0,0],"52":[0,0],"53":[0,0],"54":[0,0],"55":[0,0],"56":[0,0],"57":[0,0],"58":[0,0],"59":[0,0],"60":[0,0],"61":[0,0],"62":[0,0],"63":[0,0],"64":[0,0],"65":[0,0],"66":[0,0],"67":[0,0],"68":[0,0],"69":[0,0],"70":[0,0]},"f":{"1":0,"2":0,"3":0,"4":0,"5":0,"6":0,"7":0,"8":0,"9":0,"10":0,"11":0,"12":0,"13":0,"14":0,"15":0,"16":0,"17":0,"18":0,"19":0,"20":0},"fnMap":{"1":{"name":"(anonymous_1)","line":79,"loc":{"start":{"line":79,"column":47},"end":{"line":79,"column":66}}},"2":{"name":"(anonymous_2)","line":127,"loc":{"start":{"line":127,"column":33},"end":{"line":127,"column":59}}},"3":{"name":"(anonymous_3)","line":137,"loc":{"start":{"line":137,"column":33},"end":{"line":137,"column":80}}},"4":{"name":"(anonymous_4)","line":173,"loc":{"start":{"line":173,"column":44},"end":{"line":173,"column":62}}},"5":{"name":"(anonymous_5)","line":182,"loc":{"start":{"line":182,"column":17},"end":{"line":182,"column":29}}},"6":{"name":"(anonymous_6)","line":200,"loc":{"start":{"line":200,"column":21},"end":{"line":200,"column":37}}},"7":{"name":"(anonymous_7)","line":227,"loc":{"start":{"line":227,"column":43},"end":{"line":227,"column":61}}},"8":{"name":"(anonymous_8)","line":269,"loc":{"start":{"line":269,"column":45},"end":{"line":269,"column":69}}},"9":{"name":"(anonymous_9)","line":282,"loc":{"start":{"line":282,"column":37},"end":{"line":282,"column":85}}},"10":{"name":"(anonymous_10)","line":306,"loc":{"start":{"line":306,"column":39},"end":{"line":306,"column":78}}},"11":{"name":"(anonymous_11)","line":342,"loc":{"start":{"line":342,"column":45},"end":{"line":342,"column":69}}},"12":{"name":"(anonymous_12)","line":363,"loc":{"start":{"line":363,"column":48},"end":{"line":363,"column":95}}},"13":{"name":"(anonymous_13)","line":412,"loc":{"start":{"line":412,"column":36},"end":{"line":412,"column":82}}},"14":{"name":"(anonymous_14)","line":465,"loc":{"start":{"line":465,"column":38},"end":{"line":465,"column":86}}},"15":{"name":"(anonymous_15)","line":518,"loc":{"start":{"line":518,"column":17},"end":{"line":518,"column":45}}},"16":{"name":"(anonymous_16)","line":530,"loc":{"start":{"line":530,"column":39},"end":{"line":530,"column":87}}},"17":{"name":"(anonymous_17)","line":564,"loc":{"start":{"line":564,"column":40},"end":{"line":564,"column":87}}},"18":{"name":"(anonymous_18)","line":573,"loc":{"start":{"line":573,"column":20},"end":{"line":573,"column":50}}},"19":{"name":"(anonymous_19)","line":595,"loc":{"start":{"line":595,"column":20},"end":{"line":595,"column":50}}},"20":{"name":"(anonymous_20)","line":614,"loc":{"start":{"line":614,"column":25},"end":{"line":614,"column":48}}}},"statementMap":{"1":{"start":{"line":4,"column":0},"end":{"line":4,"column":25}},"2":{"start":{"line":5,"column":0},"end":{"line":5,"column":29}},"3":{"start":{"line":6,"column":0},"end":{"line":6,"column":29}},"4":{"start":{"line":7,"column":0},"end":{"line":7,"column":29}},"5":{"start":{"line":8,"column":0},"end":{"line":8,"column":27}},"6":{"start":{"line":9,"column":0},"end":{"line":9,"column":31}},"7":{"start":{"line":15,"column":0},"end":{"line":15,"column":21}},"8":{"start":{"line":18,"column":0},"end":{"line":34,"column":2}},"9":{"start":{"line":37,"column":0},"end":{"line":37,"column":22}},"10":{"start":{"line":40,"column":0},"end":{"line":52,"column":3}},"11":{"start":{"line":55,"column":0},"end":{"line":61,"column":3}},"12":{"start":{"line":64,"column":0},"end":{"line":67,"column":3}},"13":{"start":{"line":70,"column":0},"end":{"line":76,"column":3}},"14":{"start":{"line":79,"column":0},"end":{"line":170,"column":2}},"15":{"start":{"line":81,"column":4},"end":{"line":81,"column":50}},"16":{"start":{"line":85,"column":4},"end":{"line":85,"column":36}},"17":{"start":{"line":86,"column":4},"end":{"line":86,"column":54}},"18":{"start":{"line":90,"column":4},"end":{"line":90,"column":106}},"19":{"start":{"line":91,"column":4},"end":{"line":91,"column":28}},"20":{"start":{"line":92,"column":4},"end":{"line":92,"column":37}},"21":{"start":{"line":96,"column":4},"end":{"line":96,"column":44}},"22":{"start":{"line":97,"column":4},"end":{"line":97,"column":103}},"23":{"start":{"line":99,"column":4},"end":{"line":99,"column":37}},"24":{"start":{"line":100,"column":4},"end":{"line":100,"column":23}},"25":{"start":{"line":101,"column":4},"end":{"line":101,"column":96}},"26":{"start":{"line":105,"column":4},"end":{"line":169,"column":7}},"27":{"start":{"line":107,"column":8},"end":{"line":107,"column":42}},"28":{"start":{"line":108,"column":8},"end":{"line":108,"column":26}},"29":{"start":{"line":110,"column":8},"end":{"line":121,"column":9}},"30":{"start":{"line":113,"column":12},"end":{"line":113,"column":35}},"31":{"start":{"line":114,"column":12},"end":{"line":114,"column":37}},"32":{"start":{"line":117,"column":12},"end":{"line":117,"column":54}},"33":{"start":{"line":119,"column":12},"end":{"line":119,"column":42}},"34":{"start":{"line":120,"column":12},"end":{"line":120,"column":90}},"35":{"start":{"line":123,"column":8},"end":{"line":123,"column":40}},"36":{"start":{"line":124,"column":8},"end":{"line":124,"column":51}},"37":{"start":{"line":126,"column":8},"end":{"line":152,"column":9}},"38":{"start":{"line":127,"column":12},"end":{"line":151,"column":14}},"39":{"start":{"line":129,"column":16},"end":{"line":129,"column":36}},"40":{"start":{"line":130,"column":16},"end":{"line":135,"column":17}},"41":{"start":{"line":131,"column":20},"end":{"line":131,"column":63}},"42":{"start":{"line":134,"column":20},"end":{"line":134,"column":37}},"43":{"start":{"line":137,"column":16},"end":{"line":148,"column":18}},"44":{"start":{"line":139,"column":20},"end":{"line":139,"column":40}},"45":{"start":{"line":140,"column":20},"end":{"line":145,"column":21}},"46":{"start":{"line":141,"column":24},"end":{"line":141,"column":69}},"47":{"start":{"line":144,"column":24},"end":{"line":144,"column":47}},"48":{"start":{"line":147,"column":20},"end":{"line":147,"column":54}},"49":{"start":{"line":150,"column":16},"end":{"line":150,"column":44}},"50":{"start":{"line":154,"column":8},"end":{"line":156,"column":9}},"51":{"start":{"line":155,"column":12},"end":{"line":155,"column":30}},"52":{"start":{"line":159,"column":8},"end":{"line":159,"column":95}},"53":{"start":{"line":163,"column":8},"end":{"line":163,"column":35}},"54":{"start":{"line":164,"column":8},"end":{"line":164,"column":34}},"55":{"start":{"line":168,"column":8},"end":{"line":168,"column":42}},"56":{"start":{"line":173,"column":0},"end":{"line":224,"column":2}},"57":{"start":{"line":175,"column":4},"end":{"line":180,"column":5}},"58":{"start":{"line":179,"column":8},"end":{"line":179,"column":15}},"59":{"start":{"line":182,"column":4},"end":{"line":198,"column":6}},"60":{"start":{"line":184,"column":8},"end":{"line":184,"column":68}},"61":{"start":{"line":186,"column":8},"end":{"line":197,"column":11}},"62":{"start":{"line":188,"column":12},"end":{"line":188,"column":80}},"63":{"start":{"line":189,"column":12},"end":{"line":189,"column":41}},"64":{"start":{"line":190,"column":12},"end":{"line":196,"column":15}},"65":{"start":{"line":192,"column":16},"end":{"line":192,"column":67}},"66":{"start":{"line":193,"column":16},"end":{"line":193,"column":105}},"67":{"start":{"line":194,"column":16},"end":{"line":194,"column":83}},"68":{"start":{"line":195,"column":16},"end":{"line":195,"column":57}},"69":{"start":{"line":200,"column":4},"end":{"line":221,"column":6}},"70":{"start":{"line":202,"column":8},"end":{"line":202,"column":23}},"71":{"start":{"line":204,"column":8},"end":{"line":218,"column":11}},"72":{"start":{"line":206,"column":12},"end":{"line":206,"column":41}},"73":{"start":{"line":207,"column":12},"end":{"line":207,"column":43}},"74":{"start":{"line":208,"column":12},"end":{"line":211,"column":13}},"75":{"start":{"line":209,"column":16},"end":{"line":209,"column":53}},"76":{"start":{"line":210,"column":16},"end":{"line":210,"column":23}},"77":{"start":{"line":213,"column":12},"end":{"line":217,"column":13}},"78":{"start":{"line":216,"column":16},"end":{"line":216,"column":33}},"79":{"start":{"line":220,"column":8},"end":{"line":220,"column":21}},"80":{"start":{"line":223,"column":4},"end":{"line":223,"column":11}},"81":{"start":{"line":227,"column":0},"end":{"line":266,"column":2}},"82":{"start":{"line":229,"column":4},"end":{"line":234,"column":5}},"83":{"start":{"line":233,"column":8},"end":{"line":233,"column":15}},"84":{"start":{"line":236,"column":4},"end":{"line":236,"column":62}},"85":{"start":{"line":238,"column":4},"end":{"line":265,"column":7}},"86":{"start":{"line":240,"column":8},"end":{"line":240,"column":73}},"87":{"start":{"line":241,"column":8},"end":{"line":243,"column":9}},"88":{"start":{"line":242,"column":12},"end":{"line":242,"column":50}},"89":{"start":{"line":245,"column":8},"end":{"line":264,"column":11}},"90":{"start":{"line":247,"column":12},"end":{"line":247,"column":41}},"91":{"start":{"line":248,"column":12},"end":{"line":248,"column":43}},"92":{"start":{"line":249,"column":12},"end":{"line":263,"column":13}},"93":{"start":{"line":252,"column":16},"end":{"line":262,"column":17}},"94":{"start":{"line":253,"column":20},"end":{"line":253,"column":49}},"95":{"start":{"line":254,"column":20},"end":{"line":258,"column":21}},"96":{"start":{"line":255,"column":24},"end":{"line":255,"column":75}},"97":{"start":{"line":256,"column":24},"end":{"line":256,"column":98}},"98":{"start":{"line":257,"column":24},"end":{"line":257,"column":67}},"99":{"start":{"line":261,"column":20},"end":{"line":261,"column":104}},"100":{"start":{"line":269,"column":0},"end":{"line":279,"column":2}},"101":{"start":{"line":271,"column":4},"end":{"line":278,"column":7}},"102":{"start":{"line":273,"column":8},"end":{"line":273,"column":48}},"103":{"start":{"line":275,"column":8},"end":{"line":277,"column":9}},"104":{"start":{"line":276,"column":12},"end":{"line":276,"column":55}},"105":{"start":{"line":282,"column":0},"end":{"line":303,"column":2}},"106":{"start":{"line":284,"column":4},"end":{"line":286,"column":5}},"107":{"start":{"line":285,"column":8},"end":{"line":285,"column":86}},"108":{"start":{"line":288,"column":4},"end":{"line":302,"column":7}},"109":{"start":{"line":290,"column":8},"end":{"line":292,"column":9}},"110":{"start":{"line":291,"column":12},"end":{"line":291,"column":33}},"111":{"start":{"line":294,"column":8},"end":{"line":301,"column":11}},"112":{"start":{"line":296,"column":12},"end":{"line":298,"column":13}},"113":{"start":{"line":297,"column":16},"end":{"line":297,"column":37}},"114":{"start":{"line":300,"column":12},"end":{"line":300,"column":63}},"115":{"start":{"line":306,"column":0},"end":{"line":339,"column":2}},"116":{"start":{"line":308,"column":4},"end":{"line":308,"column":28}},"117":{"start":{"line":310,"column":4},"end":{"line":310,"column":58}},"118":{"start":{"line":311,"column":4},"end":{"line":311,"column":62}},"119":{"start":{"line":312,"column":4},"end":{"line":314,"column":5}},"120":{"start":{"line":313,"column":8},"end":{"line":313,"column":135}},"121":{"start":{"line":316,"column":4},"end":{"line":316,"column":44}},"122":{"start":{"line":317,"column":4},"end":{"line":319,"column":5}},"123":{"start":{"line":318,"column":8},"end":{"line":318,"column":94}},"124":{"start":{"line":321,"column":4},"end":{"line":321,"column":63}},"125":{"start":{"line":325,"column":4},"end":{"line":327,"column":5}},"126":{"start":{"line":326,"column":8},"end":{"line":326,"column":75}},"127":{"start":{"line":331,"column":4},"end":{"line":338,"column":7}},"128":{"start":{"line":333,"column":8},"end":{"line":335,"column":9}},"129":{"start":{"line":334,"column":12},"end":{"line":334,"column":33}},"130":{"start":{"line":337,"column":8},"end":{"line":337,"column":75}},"131":{"start":{"line":342,"column":0},"end":{"line":360,"column":2}},"132":{"start":{"line":346,"column":4},"end":{"line":359,"column":5}},"133":{"start":{"line":347,"column":8},"end":{"line":355,"column":11}},"134":{"start":{"line":349,"column":12},"end":{"line":351,"column":13}},"135":{"start":{"line":350,"column":16},"end":{"line":350,"column":33}},"136":{"start":{"line":353,"column":12},"end":{"line":353,"column":32}},"137":{"start":{"line":354,"column":12},"end":{"line":354,"column":26}},"138":{"start":{"line":358,"column":8},"end":{"line":358,"column":25}},"139":{"start":{"line":363,"column":0},"end":{"line":409,"column":2}},"140":{"start":{"line":365,"column":4},"end":{"line":367,"column":6}},"141":{"start":{"line":369,"column":4},"end":{"line":408,"column":7}},"142":{"start":{"line":371,"column":8},"end":{"line":373,"column":9}},"143":{"start":{"line":372,"column":12},"end":{"line":372,"column":33}},"144":{"start":{"line":375,"column":8},"end":{"line":407,"column":11}},"145":{"start":{"line":377,"column":12},"end":{"line":379,"column":13}},"146":{"start":{"line":378,"column":16},"end":{"line":378,"column":37}},"147":{"start":{"line":381,"column":12},"end":{"line":381,"column":49}},"148":{"start":{"line":385,"column":12},"end":{"line":387,"column":13}},"149":{"start":{"line":386,"column":16},"end":{"line":386,"column":48}},"150":{"start":{"line":391,"column":12},"end":{"line":406,"column":15}},"151":{"start":{"line":393,"column":16},"end":{"line":395,"column":17}},"152":{"start":{"line":394,"column":20},"end":{"line":394,"column":41}},"153":{"start":{"line":397,"column":16},"end":{"line":405,"column":19}},"154":{"start":{"line":399,"column":20},"end":{"line":401,"column":21}},"155":{"start":{"line":400,"column":24},"end":{"line":400,"column":45}},"156":{"start":{"line":403,"column":20},"end":{"line":403,"column":45}},"157":{"start":{"line":404,"column":20},"end":{"line":404,"column":52}},"158":{"start":{"line":412,"column":0},"end":{"line":462,"column":2}},"159":{"start":{"line":416,"column":4},"end":{"line":416,"column":53}},"160":{"start":{"line":417,"column":4},"end":{"line":417,"column":53}},"161":{"start":{"line":419,"column":4},"end":{"line":423,"column":5}},"162":{"start":{"line":422,"column":8},"end":{"line":422,"column":87}},"163":{"start":{"line":425,"column":4},"end":{"line":429,"column":5}},"164":{"start":{"line":428,"column":8},"end":{"line":428,"column":136}},"165":{"start":{"line":433,"column":4},"end":{"line":433,"column":14}},"166":{"start":{"line":434,"column":4},"end":{"line":443,"column":5}},"167":{"start":{"line":435,"column":8},"end":{"line":435,"column":27}},"168":{"start":{"line":438,"column":8},"end":{"line":438,"column":78}},"169":{"start":{"line":440,"column":8},"end":{"line":442,"column":9}},"170":{"start":{"line":441,"column":12},"end":{"line":441,"column":79}},"171":{"start":{"line":445,"column":4},"end":{"line":461,"column":7}},"172":{"start":{"line":447,"column":8},"end":{"line":456,"column":11}},"173":{"start":{"line":449,"column":12},"end":{"line":453,"column":13}},"174":{"start":{"line":452,"column":16},"end":{"line":452,"column":40}},"175":{"start":{"line":455,"column":12},"end":{"line":455,"column":30}},"176":{"start":{"line":460,"column":8},"end":{"line":460,"column":134}},"177":{"start":{"line":465,"column":0},"end":{"line":515,"column":2}},"178":{"start":{"line":467,"column":4},"end":{"line":479,"column":5}},"179":{"start":{"line":468,"column":8},"end":{"line":468,"column":96}},"180":{"start":{"line":469,"column":8},"end":{"line":476,"column":9}},"181":{"start":{"line":470,"column":12},"end":{"line":470,"column":38}},"182":{"start":{"line":471,"column":12},"end":{"line":471,"column":46}},"183":{"start":{"line":472,"column":12},"end":{"line":475,"column":13}},"184":{"start":{"line":473,"column":16},"end":{"line":473,"column":36}},"185":{"start":{"line":474,"column":16},"end":{"line":474,"column":41}},"186":{"start":{"line":478,"column":8},"end":{"line":478,"column":23}},"187":{"start":{"line":481,"column":4},"end":{"line":481,"column":28}},"188":{"start":{"line":483,"column":4},"end":{"line":487,"column":5}},"189":{"start":{"line":486,"column":8},"end":{"line":486,"column":138}},"190":{"start":{"line":489,"column":4},"end":{"line":514,"column":7}},"191":{"start":{"line":491,"column":8},"end":{"line":493,"column":9}},"192":{"start":{"line":492,"column":12},"end":{"line":492,"column":70}},"193":{"start":{"line":497,"column":8},"end":{"line":499,"column":9}},"194":{"start":{"line":498,"column":12},"end":{"line":498,"column":51}},"195":{"start":{"line":503,"column":8},"end":{"line":503,"column":67}},"196":{"start":{"line":504,"column":8},"end":{"line":513,"column":11}},"197":{"start":{"line":506,"column":12},"end":{"line":506,"column":60}},"198":{"start":{"line":508,"column":12},"end":{"line":510,"column":13}},"199":{"start":{"line":509,"column":16},"end":{"line":509,"column":74}},"200":{"start":{"line":512,"column":12},"end":{"line":512,"column":54}}
[...]
e":601,"column":8},"end":{"line":601,"column":8}}]},"70":{"line":616,"type":"if","locations":[{"start":{"line":616,"column":12},"end":{"line":616,"column":12}},{"start":{"line":616,"column":12},"end":{"line":616,"column":12}}]}},"code":["'use strict';","// Load modules","","const Fs = require('fs');","const Path = require('path');","const Boom = require('boom');","const Hoek = require('hoek');","const Joi = require('joi');","const Items = require('items');","// Additional helper modules required in constructor","","","// Declare internals","","const internals = {};","","","internals.defaults = {","    // defaultExtension: '',","    // path: '',","    // relativeTo: '',","    compileOptions: {},","    runtimeOptions: {},","    layout: false,","    layoutKeyword: 'content',","    encoding: 'utf8',","    isCached: true,","    allowAbsolutePaths: false,","    allowInsecureAccess: false,","    // partialsPath: '',","    contentType: 'text/html',","    compileMode: 'sync',","    context: null","};","","","internals.schema = {};","","","internals.schema.viewOverride = Joi.object({","    path: [Joi.array().items(Joi.string()), Joi.string()],","    relativeTo: Joi.string(),","    compileOptions: Joi.object(),","    runtimeOptions: Joi.object(),","    layout: Joi.string().allow(false, true),","    layoutKeyword: Joi.string(),","    layoutPath: [Joi.array().items(Joi.string()), Joi.string()],","    encoding: Joi.string(),","    allowAbsolutePaths: Joi.boolean(),","    allowInsecureAccess: Joi.boolean(),","    contentType: Joi.string()","});","","","internals.schema.viewBase = internals.schema.viewOverride.keys({","    partialsPath: [Joi.array().items(Joi.string()), Joi.string()],","    helpersPath: [Joi.array().items(Joi.string()), Joi.string()],","    isCached: Joi.boolean(),","    compileMode: Joi.string().valid('sync', 'async'),","    defaultExtension: Joi.string()","});","","","internals.schema.manager = internals.schema.viewBase.keys({","    engines: Joi.object().required(),","    context: [Joi.object(), Joi.func()]","});","","","internals.schema.view = internals.schema.viewBase.keys({","    module: Joi.object({","        compile: Joi.func().required()","    })","        .options({ allowUnknown: true })","        .required()","});","","","exports = module.exports = internals.Manager = function (options) {","","    Joi.assert(options, internals.schema.manager);","","    // Save non-defaults values","","    const engines = options.engines;","    const defaultExtension = options.defaultExtension;","","    // Clone options","","    const defaults = Hoek.applyToDefaultsWithShallow(internals.defaults, options, ['engines', 'context']);","    delete defaults.engines;","    delete defaults.defaultExtension;","","    // Prepare manager state","","    const extensions = Object.keys(engines);","    Hoek.assert(extensions.length, 'Views manager requires at least one registered extension handler');","","    this._context = defaults.context;","    this._engines = {};","    this._defaultExtension = defaultExtension || (extensions.length === 1 ? extensions[0] : '');","","    // Load engines","","    extensions.forEach((extension) => {","","        const config = engines[extension];","        const engine = {};","","        if (config.compile &&","            typeof config.compile === 'function') {","","            engine.module = config;","            engine.config = defaults;","        }","        else {","            Joi.assert(config, internals.schema.view);","","            engine.module = config.module;","            engine.config = Hoek.applyToDefaultsWithShallow(defaults, config, ['module']);","        }","","        engine.suffix = '.' + extension;","        engine.compileFunc = engine.module.compile;","","        if (engine.config.compileMode === 'sync') {","            engine.compileFunc = function (str, opt, next) {","","                let compiled = null;","                try {","                    compiled = engine.module.compile(str, opt);","                }","                catch (err) {","                    return next(err);","                }","","                const renderer = function (context, runtimeOptions, renderNext) {","","                    let rendered = null;","                    try {","                        rendered = compiled(context, runtimeOptions);","                    }","                    catch (err) {","                        return renderNext(err);","                    }","","                    return renderNext(null, rendered);","                };","","                return next(null, renderer);","            };","        }","","        if (engine.config.isCached) {","            engine.cache = {};","        }","","        // When a prepare function is provided, state needs to be initialized before trying to compile and render","        engine.ready = !(engine.module.prepare && typeof engine.module.prepare === 'function');","","        // Load partials and helpers","","        this._loadPartials(engine);","        this._loadHelpers(engine);","","        // Set engine","","        this._engines[extension] = engine;","    });","};","","","internals.Manager.prototype._loadPartials = function (engine) {","","    if (!engine.config.partialsPath ||","        !engine.module.registerPartial ||","        typeof engine.module.registerPartial !== 'function') {","","        return;","    }","","    const load = function () {","","        const partialsPaths = [].concat(engine.config.partialsPath);","","        partialsPaths.forEach((partialsPath) => {","","            const path = internals.path(engine.config.relativeTo, partialsPath);","            const files = traverse(path);","            files.forEach((file) => {","","                const offset = path.slice(-1) === Path.sep ? 0 : 1;","                const name = file.slice(path.length + offset, -engine.suffix.length).replace(/\\\\/g, '/');","                const src = Fs.readFileSync(file).toString(engine.config.encoding);","                engine.module.registerPartial(name, src);","            });","        });","    };","","    const traverse = function (path) {","","        let files = [];","","        Fs.readdirSync(path).forEach((file) => {","","            file = Path.join(path, file);","            const stat = Fs.statSync(file);","            if (stat.isDirectory()) {","                files = files.concat(traverse(file));","                return;","            }","","            if (Path.basename(file)[0] !== '.' &&","                Path.extname(file) === engine.suffix) {","","                files.push(file);","            }","        });","","        return files;","    };","","    load();","};","","","internals.Manager.prototype._loadHelpers = function (engine) {","","    if (!engine.config.helpersPath ||","        !engine.module.registerHelper ||","        typeof engine.module.registerHelper !== 'function') {","","        return;","    }","","    const helpersPaths = [].concat(engine.config.helpersPath);","","    helpersPaths.forEach((helpersPath) => {","","        let path = internals.path(engine.config.relativeTo, helpersPath);","        if (!Path.isAbsolute(path)) {","            path = Path.join(process.cwd(), path);","        }","","        Fs.readdirSync(path).forEach((file) => {","","            file = Path.join(path, file);","            const stat = Fs.statSync(file);","            if (!stat.isDirectory() &&","                Path.basename(file)[0] !== '.') {","","                try {","                    const helper = require(file);","                    if (typeof helper === 'function') {","                        const offset = path.slice(-1) === Path.sep ? 0 : 1;","                        const name = file.slice(path.length + offset, -Path.extname(file).length);","                        engine.module.registerHelper(name, helper);","                    }","                }","                catch (err) {","                    console.warn('WARNING: vision failed to load helper \\'%s\\': %s', file, err.message);","                }","            }","        });","    });","};","","","internals.Manager.prototype.registerHelper = function (name, helper) {","","    Object.keys(this._engines).forEach((extension) => {","","        const engine = this._engines[extension];","","        if (typeof engine.module.registerHelper === 'function') {","            engine.module.registerHelper(name, helper);","        }","    });","};","","","internals.Manager.prototype.render = function (filename, context, options, callback) {","","    if (!callback) {","        return internals._wrapMethod(this, this.render, [filename, context, options]);","    }","","    this._prepare(filename, options, (err, compiled) => {","","        if (err) {","            return callback(err);","        }","","        this._render(compiled, context, null, (err, rendered) => {","","            if (err) {","                return callback(err);","            }","","            return callback(null, rendered, compiled.settings);","        });","    });","};","","","internals.Manager.prototype._prepare = function (template, options, callback) {","","    options = options || {};","","    const fileExtension = Path.extname(template).slice(1);","    const extension = fileExtension || this._defaultExtension;","    if (!extension) {","        return callback(Boom.badImplementation('Unknown extension and no defaultExtension configured for view template: ' + template));","    }","","    const engine = this._engines[extension];","    if (!engine) {","        return callback(Boom.badImplementation('No view engine found for file: ' + template));","    }","","    template = template + (fileExtension ? '' : engine.suffix);","","    // Engine is ready to render","","    if (engine.ready) {","        return this._prepareTemplates(template, engine, options, callback);","    }","","    // Engine needs initialization","","    return this._prepareEngine(engine, (err) => {","","        if (err) {","            return callback(err);","        }","","        return this._prepareTemplates(template, engine, options, callback);","    });","};","","","internals.Manager.prototype._prepareEngine = function (engine, next) {","","    // _prepareEngine can only be invoked when the prepare function is defined","","    try {","        return engine.module.prepare(engine.config, (err) => {","","            if (err) {","                return next(err);","            }","","            engine.ready = true;","            return next();","        });","    }","    catch (err) {","        return next(err);","    }","};","","","internals.Manager.prototype._prepareTemplates = function (template, engine, options, callback) {","","    const compiled = {","        settings: Hoek.applyToDefaults(engine.config, options)","    };","","    this._path(template, compiled.settings, false, (err, templatePath) => {","","        if (err) {","            return callback(err);","        }","","        this._compile(templatePath, engine, compiled.settings, (err, compiledTemplate) => {","","            if (err) {","                return callback(err);","            }","","            compiled.template = compiledTemplate;","","            // No layout","","            if (!compiled.settings.layout) {","                return callback(null, compiled);","            }","","            // With layout","","            this._path((compiled.settings.layout === true ? 'layout' : compiled.settings.layout) + engine.suffix, compiled.settings, true, (err, layoutPath) => {","","                if (err) {","                    return callback(err);","                }","","                this._compile(layoutPath, engine, compiled.settings, (err, layout) => {","","                    if (err) {","                        return callback(err);","                    }","","                    compiled.layout = layout;","                    return callback(null, compiled);","                });","            });","        });","    });","};","","","internals.Manager.prototype._path = function (template, settings, isLayout, next) {","","    // Validate path","","    const isAbsolutePath = Path.isAbsolute(template);","    const isInsecurePath = template.match(/\\.\\.\\//g);","","    if (!settings.allowAbsolutePaths &&","        isAbsolutePath) {","","        return next(Boom.badImplementation('Absolute paths are not allowed in views'));","    }","","    if (!settings.allowInsecureAccess &&","        isInsecurePath) {","","        return next(Boom.badImplementation('View paths cannot lookup templates outside root path (path includes one or more \\'../\\')'));","    }","","    // Resolve path and extension","","    let paths;","    if (isAbsolutePath) {","        paths = [template];","    }","    else {","        paths = [].concat((isLayout && settings.layoutPath) || settings.path);","","        for (let i = 0; i < paths.length; ++i) {","            paths[i] = internals.path(settings.relativeTo, paths[i], template);","        }","    }","","    Items.serial(paths, (path, nextFile) => {","","        Fs.stat(path, (err, stats) => {","","            if (!err &&","                stats.isFile()) {","","                return next(null, path);","            }","","            return nextFile();","        });","    },","    () => {","","        return next(Boom.badImplementation('View file not found: `' + template + '`. Locations searched: [' + paths.join(',') + ']'));","    });","};","","","internals.Manager.prototype._render = function (compiled, context, request, callback) {","","    if (this._context) {","        let base = typeof this._context === 'function' ? this._context(request) : this._context;","        if (context) {","            base = Hoek.shallow(base);","            const keys = Object.keys(context);","            for (let i = 0; i < keys.length; ++i) {","                const key = keys[i];","                base[key] = context[key];","            }","        }","","        context = base;","    }","","    context = context || {};","","    if (compiled.layout &&","        context.hasOwnProperty(compiled.settings.layoutKeyword)) {","","        return callback(Boom.badImplementation('settings.layoutKeyword conflict', { context, keyword: compiled.settings.layoutKeyword }));","    }","","    compiled.template(context, compiled.settings.runtimeOptions, (err, renderedContent) => {","","        if (err) {","            return callback(Boom.badImplementation(err.message, err));","        }","","        // No layout","","        if (!compiled.layout) {","            return callback(null, renderedContent);","        }","","        // With layout","","        context[compiled.settings.layoutKeyword] = renderedContent;","        compiled.layout(context, compiled.settings.runtimeOptions, (err, renderedWithLayout) => {","","            delete context[compiled.settings.layoutKeyword];","","            if (err) {","                return callback(Boom.badImplementation(err.message, err));","            }","","            return callback(null, renderedWithLayout);","        });","    });","};","","","internals.path = function (base, path, file) {","","    if (path &&","        Path.isAbsolute(path)) {","","        return Path.join(path, file || '');","    }","","    return Path.join(base || '', path || '', file || '');","};","","","internals.Manager.prototype._compile = function (template, engine, settings, callback) {","","    if (engine.cache &&","        engine.cache[template]) {","","        return callback(null, engine.cache[template]);","    }","","    settings.compileOptions.filename = template;            // Pass the template to Jade via this copy of compileOptions","","    // Read file","","    Fs.readFile(template, { encoding: settings.encoding }, (err, data) => {","","        if (err) {","            return callback(Boom.badImplementation('Failed to read view file: ' + template));","        }","","        engine.compileFunc(data, settings.compileOptions, (err, compiled) => {","","            if (err) {","                return callback(Boom.wrap(err));","            }","","            if (engine.cache) {","                engine.cache[template] = compiled;","            }","","            return callback(null, compiled);","        });","    });","};","","","internals.Manager.prototype._response = function (template, context, options, request) {","","    Joi.assert(options, internals.schema.viewOverride);","","    const source = { manager: this, template, context, options };","    return request.generateResponse(source, { variety: 'view', marshal: internals.marshal, prepare: internals.prepare });","};","","","internals.marshal = function (response, callback) {","","    const manager = response.source.manager;","","    manager._render(response.source.compiled, response.source.context, response.request, (err, rendered) => {","","        if (err) {","            return callback(err);","        }","","        const config = response.source.compiled.settings;","","        if (!response.headers['content-type']) {","            response.type(config.contentType);","        }","","        response.encoding(config.encoding);","","        return callback(null, rendered);","    });","};","","internals.prepare = function (response, callback) {","","    const manager = response.source.manager;","","    manager._prepare(response.source.template, response.source.options, (err, compiled) => {","","        if (err) {","            return callback(err);","        }","","        response.source.compiled = compiled;","        return callback(response);","    });","};","","internals._wrapMethod = (bind, method, args) => {","","    return new Promise((resolve, reject) => {","","        const callback = function (err, result) {","","            if (err) {","                return reject(err);","            }","","            return resolve(result);","        };","","        method.apply(bind, args.concat(callback));","    });","};",""],"l":{"4":1,"5":1,"6":1,"7":1,"8":1,"9":1,"15":1,"18":1,"37":1,"40":1,"55":1,"64":1,"70":1,"79":1,"81":0,"85":0,"86":0,"90":0,"91":0,"92":0,"96":0,"97":0,"99":0,"100":0,"101":0,"105":0,"107":0,"108":0,"110":0,"113":0,"114":0,"117":0,"119":0,"120":0,"123":0,"124":0,"126":0,"127":0,"129":0,"130":0,"131":0,"134":0,"137":0,"139":0,"140":0,"141":0,"144":0,"147":0,"150":0,"154":0,"155":0,"159":0,"163":0,"164":0,"168":0,"173":1,"175":0,"179":0,"182":0,"184":0,"186":0,"188":0,"189":0,"190":0,"192":0,"193":0,"194":0,"195":0,"200":0,"202":0,"204":0,"206":0,"207":0,"208":0,"209":0,"210":0,"213":0,"216":0,"220":0,"223":0,"227":1,"229":0,"233":0,"236":0,"238":0,"240":0,"241":0,"242":0,"245":0,"247":0,"248":0,"249":0,"252":0,"253":0,"254":0,"255":0,"256":0,"257":0,"261":0,"269":1,"271":0,"273":0,"275":0,"276":0,"282":1,"284":0,"285":0,"288":0,"290":0,"291":0,"294":0,"296":0,"297":0,"300":0,"306":1,"308":0,"310":0,"311":0,"312":0,"313":0,"316":0,"317":0,"318":0,"321":0,"325":0,"326":0,"331":0,"333":0,"334":0,"337":0,"342":1,"346":0,"347":0,"349":0,"350":0,"353":0,"354":0,"358":0,"363":1,"365":0,"369":0,"371":0,"372":0,"375":0,"377":0,"378":0,"381":0,"385":0,"386":0,"391":0,"393":0,"394":0,"397":0,"399":0,"400":0,"403":0,"404":0,"412":1,"416":0,"417":0,"419":0,"422":0,"425":0,"428":0,"433":0,"434":0,"435":0,"438":0,"440":0,"441":0,"445":0,"447":0,"449":0,"452":0,"455":0,"460":0,"465":1,"467":0,"468":0,"469":0,"470":0,"471":0,"472":0,"473":0,"474":0,"478":0,"481":0,"483":0,"486":0,"489":0,"491":0,"492":0,"497":0,"498":0,"503":0,"504":0,"506":0,"508":0,"509":0,"512":0,"518":1,"520":0,"523":0,"526":0,"530":1,"532":0,"535":0,"538":0,"542":0,"544":0,"545":0,"548":0,"550":0,"551":0,"554":0,"555":0,"558":0,"564":1,"566":0,"568":0,"569":0,"573":1,"575":0,"577":0,"579":0,"580":0,"583":0,"585":0,"586":0,"589":0,"591":0,"595":1,"597":0,"599":0,"601":0,"602":0,"605":0,"606":0,"610":1,"612":0,"614":0,"616":0,"617":0,"620":0,"623":0}}}